#
# A fatal error has been detected by the Java Runtime Environment:
#
#  EXCEPTION_ACCESS_VIOLATION (0xc0000005) at pc=0x000000005551777f, pid=22536, tid=0x000000000000375c
#
# JRE version: Java(TM) SE Runtime Environment (8.0_171-b11) (build 1.8.0_171-b11)
# Java VM: Java HotSpot(TM) 64-Bit Server VM (25.171-b11 mixed mode windows-amd64 compressed oops)
# Problematic frame:
# V  [jvm.dll+0x1e777f]
#
# Failed to write core dump. Minidumps are not enabled by default on client versions of Windows
#
# If you would like to submit a bug report, please visit:
#   http://bugreport.java.com/bugreport/crash.jsp
#

---------------  T H R E A D  ---------------

Current thread (0x000000001d22c800):  JavaThread "Thread-2" [_thread_in_vm, id=14172, stack(0x000000005f7e0000,0x000000005f8e0000)]

siginfo: ExceptionCode=0xc0000005, reading address 0x000000005fa43200

Registers:
RAX=0x000000001d22c800, RBX=0x000000001d22c800, RCX=0x0000000000000006, RDX=0x000000005f8df058
RSP=0x000000005f8def80, RBP=0x000000005f8df028, RSI=0x00000000f80056d3, RDI=0x000000005fa43200
R8 =0x000000005fa43200, R9 =0x000000001d20c7c0, R10=0x0000000002ef1dc4, R11=0x000000005555c460
R12=0x0000000000000000, R13=0x0000000019a30508, R14=0x000000005f8df058, R15=0x000000001d22c800
RIP=0x000000005551777f, EFLAGS=0x0000000000010246

Top of Stack: (sp=0x000000005f8def80)
0x000000005f8def80:   000000005f8defe8 000000001d22c800
0x000000005f8def90:   0000000019a30508 00000000f80056d3
0x000000005f8defa0:   0000000000000020 0000000002ef1df0
0x000000005f8defb0:   0000000019a30508 000000005f8df028
0x000000005f8defc0:   00000000f80056d3 0000000019a30508
0x000000005f8defd0:   00000000f80056d3 000000001d22c800
0x000000005f8defe0:   0000000002ef1942 000000005f8defe8
0x000000005f8deff0:   0000000019a30508 000000005f8df058
0x000000005f8df000:   0000000019a5ec58 0000000000000000
0x000000005f8df010:   0000000019a30508 0000000000000000
0x000000005f8df020:   000000005f8df048 000000005f8df0a0
0x000000005f8df030:   0000000002ed7d70 0000000000000000
0x000000005f8df040:   0000000002ee7a52 000000005fa43200
0x000000005f8df050:   00000007822a4b20 0000000701c01b08
0x000000005f8df060:   000000005f8df060 0000000041804f14
0x000000005f8df070:   000000005f8df0b8 0000000041807a20 

Instructions: (pc=0x000000005551777f)
0x000000005551775f:   bd 05 00 c7 83 70 02 00 00 06 00 00 00 8b 0d d6
0x000000005551776f:   f0 5c 00 ff 15 78 7c 3f 00 c6 80 94 02 00 00 01
0x000000005551777f:   0f b7 2f c6 80 94 02 00 00 00 48 8b 7b 48 48 8b
0x000000005551778f:   47 10 48 8b 77 08 48 83 38 00 74 15 48 8b 57 28 


Register to memory mapping:

RAX=0x000000001d22c800 is a thread
RBX=0x000000001d22c800 is a thread
RCX=0x0000000000000006 is an unknown value
RDX=0x000000005f8df058 is pointing into the stack for thread: 0x000000001d22c800
RSP=0x000000005f8def80 is pointing into the stack for thread: 0x000000001d22c800
RBP=0x000000005f8df028 is pointing into the stack for thread: 0x000000001d22c800
RSI=0x00000000f80056d3 is an unknown value
RDI=0x000000005fa43200 is an unknown value
R8 =0x000000005fa43200 is an unknown value
R9 =0x000000001d20c7c0 is an unknown value
R10=0x0000000002ef1dc4 is at code_begin+1700 in an Interpreter codelet
method entry point (kind = native)  [0x0000000002ef1720, 0x0000000002ef27e0]  4288 bytes
R11=0x000000005555c460 is an unknown value
R12=0x0000000000000000 is an unknown value
R13={method} {0x0000000019a30510} 'getShort' '(J)S' in 'sun/misc/Unsafe'
R14=0x000000005f8df058 is pointing into the stack for thread: 0x000000001d22c800
R15=0x000000001d22c800 is a thread


Stack: [0x000000005f7e0000,0x000000005f8e0000],  sp=0x000000005f8def80,  free space=1019k
Native frames: (J=compiled Java code, j=interpreted, Vv=VM code, C=native code)
V  [jvm.dll+0x1e777f]

Java frames: (J=compiled Java code, j=interpreted, Vv=VM code)
j  sun.misc.Unsafe.getShort(J)S+0
j  java.nio.DirectShortBufferU.get(I)S+12
j  com.lzq.faceserver.RTMP$1.run()V+125
j  java.lang.Thread.run()V+11
v  ~StubRoutines::call_stub

---------------  P R O C E S S  ---------------

Java Threads: ( => current thread )
  0x000000001d062000 JavaThread "AWT-Windows" daemon [_thread_blocked, id=20272, stack(0x0000000020a30000,0x0000000020b30000)]
  0x000000001d061800 JavaThread "AWT-Shutdown" [_thread_blocked, id=21584, stack(0x0000000020930000,0x0000000020a30000)]
  0x000000001d060800 JavaThread "Java2D Disposer" daemon [_thread_blocked, id=24832, stack(0x0000000020830000,0x0000000020930000)]
=>0x000000001d22c800 JavaThread "Thread-2" [_thread_in_vm, id=14172, stack(0x000000005f7e0000,0x000000005f8e0000)]
  0x000000001e2d7800 JavaThread "Java Sound Event Dispatcher" daemon [_thread_blocked, id=14844, stack(0x00000000213c0000,0x00000000214c0000)]
  0x000000001d368800 JavaThread "JavaCPP Deallocator" daemon [_thread_blocked, id=21640, stack(0x000000001eb30000,0x000000001ec30000)]
  0x000000001d090800 JavaThread "Service Thread" daemon [_thread_blocked, id=21068, stack(0x000000001d860000,0x000000001d960000)]
  0x000000001d077000 JavaThread "C1 CompilerThread3" daemon [_thread_blocked, id=9292, stack(0x000000001d760000,0x000000001d860000)]
  0x000000001d076000 JavaThread "C2 CompilerThread2" daemon [_thread_blocked, id=14632, stack(0x000000001d660000,0x000000001d760000)]
  0x000000001d065000 JavaThread "C2 CompilerThread1" daemon [_thread_blocked, id=20148, stack(0x000000001d560000,0x000000001d660000)]
  0x000000001d063800 JavaThread "C2 CompilerThread0" daemon [_thread_blocked, id=17912, stack(0x000000001d460000,0x000000001d560000)]
  0x000000001c310000 JavaThread "JDWP Command Reader" daemon [_thread_in_native, id=5124, stack(0x000000001cb60000,0x000000001cc60000)]
  0x000000001c30f000 JavaThread "JDWP Event Helper Thread" daemon [_thread_blocked, id=17920, stack(0x000000001ca60000,0x000000001cb60000)]
  0x000000001c303000 JavaThread "JDWP Transport Listener: dt_socket" daemon [_thread_blocked, id=23452, stack(0x000000001c960000,0x000000001ca60000)]
  0x000000001c29f800 JavaThread "Attach Listener" daemon [_thread_blocked, id=4224, stack(0x000000001c860000,0x000000001c960000)]
  0x000000001c2fb000 JavaThread "Signal Dispatcher" daemon [_thread_blocked, id=26280, stack(0x000000001c760000,0x000000001c860000)]
  0x000000001a3a8000 JavaThread "Finalizer" daemon [_thread_blocked, id=152, stack(0x000000001c660000,0x000000001c760000)]
  0x000000001a3a1800 JavaThread "Reference Handler" daemon [_thread_blocked, id=4596, stack(0x000000001c160000,0x000000001c260000)]
  0x0000000002c7b800 JavaThread "main" [_thread_blocked, id=5392, stack(0x0000000002a70000,0x0000000002b70000)]

Other Threads:
  0x000000001a398800 VMThread [stack: 0x000000001c060000,0x000000001c160000] [id=23068]
  0x000000001d094000 WatcherThread [stack: 0x000000001d960000,0x000000001da60000] [id=25104]

VM state:synchronizing (normal execution)

VM Mutex/Monitor currently owned by a thread:  ([mutex/lock_event])
[0x0000000002c71ad0] Threads_lock - owner thread: 0x000000001a398800

Heap:
 PSYoungGen      total 41472K, used 29683K [0x0000000780980000, 0x0000000783680000, 0x00000007c0000000)
  eden space 38912K, 76% used [0x0000000780980000,0x000000078266cea0,0x0000000782f80000)
  from space 2560K, 2% used [0x0000000783400000,0x0000000783410000,0x0000000783680000)
  to   space 3584K, 0% used [0x0000000782f80000,0x0000000782f80000,0x0000000783300000)
 ParOldGen       total 131072K, used 2352K [0x0000000701c00000, 0x0000000709c00000, 0x0000000780980000)
  object space 131072K, 1% used [0x0000000701c00000,0x0000000701e4c328,0x0000000709c00000)
 Metaspace       used 13891K, capacity 14102K, committed 14464K, reserved 1062912K
  class space    used 1269K, capacity 1349K, committed 1408K, reserved 1048576K

Card table byte_map: [0x0000000012290000,0x0000000012890000] byte_map_base: 0x000000000ea82000

Marking Bits: (ParMarkBitMap*) 0x0000000055b508c0
 Begin Bits: [0x0000000013490000, 0x0000000016420000)
 End Bits:   [0x0000000016420000, 0x00000000193b0000)

Polling page: 0x0000000000830000

CodeCache: size=245760Kb used=5277Kb max_used=5277Kb free=240482Kb
 bounds [0x0000000002ed0000, 0x0000000003400000, 0x0000000011ed0000]
 total_blobs=1970 nmethods=1066 adapters=825
 compilation: enabled

Compilation events (10 events):
Event: 15.692 Thread 0x000000001d077000 nmethod 1049 0x0000000002fd5050 code [0x0000000002fd51a0, 0x0000000002fd52b0]
Event: 15.692 Thread 0x000000001d076000 nmethod 1044 0x00000000033e8550 code [0x00000000033e86e0, 0x00000000033e9118]
Event: 15.745 Thread 0x000000001d077000 1050       3       java.io.FilePermission$1::<init> (10 bytes)
Event: 15.745 Thread 0x000000001d077000 nmethod 1050 0x00000000033e8190 code [0x00000000033e82e0, 0x00000000033e84b0]
Event: 15.745 Thread 0x000000001d077000 1051       3       java.io.FilePermission$1::run (5 bytes)
Event: 15.745 Thread 0x000000001d077000 nmethod 1051 0x00000000033e7dd0 code [0x00000000033e7f40, 0x00000000033e80e8]
Event: 15.755 Thread 0x000000001d077000 1052       3       java.util.HashSet::add (20 bytes)
Event: 15.755 Thread 0x000000001d077000 nmethod 1052 0x00000000033e6dd0 code [0x00000000033e6f40, 0x00000000033e71e8]
Event: 16.559 Thread 0x000000001d063800 1053  s    4       java.util.Vector::elementAt (48 bytes)
Event: 16.561 Thread 0x000000001d063800 nmethod 1053 0x00000000033ec710 code [0x00000000033ec860, 0x00000000033ecb18]

GC Heap History (10 events):
Event: 15.359 GC heap before
{Heap before GC invocations=14 (full 0):
 PSYoungGen      total 41984K, used 41600K [0x0000000780980000, 0x0000000783a00000, 0x00000007c0000000)
  eden space 41472K, 100% used [0x0000000780980000,0x0000000783200000,0x0000000783200000)
  from space 512K, 25% used [0x0000000783280000,0x00000007832a0000,0x0000000783300000)
  to   space 4096K, 0% used [0x0000000783600000,0x0000000783600000,0x0000000783a00000)
 ParOldGen       total 131072K, used 2272K [0x0000000701c00000, 0x0000000709c00000, 0x0000000780980000)
  object space 131072K, 1% used [0x0000000701c00000,0x0000000701e38328,0x0000000709c00000)
 Metaspace       used 12334K, capacity 12486K, committed 12672K, reserved 1060864K
  class space    used 1090K, capacity 1151K, committed 1152K, reserved 1048576K
Event: 15.359 GC heap after
Heap after GC invocations=14 (full 0):
 PSYoungGen      total 44544K, used 192K [0x0000000780980000, 0x0000000783980000, 0x00000007c0000000)
  eden space 40960K, 0% used [0x0000000780980000,0x0000000780980000,0x0000000783180000)
  from space 3584K, 5% used [0x0000000783600000,0x0000000783630000,0x0000000783980000)
  to   space 4096K, 0% used [0x0000000783180000,0x0000000783180000,0x0000000783580000)
 ParOldGen       total 131072K, used 2280K [0x0000000701c00000, 0x0000000709c00000, 0x0000000780980000)
  object space 131072K, 1% used [0x0000000701c00000,0x0000000701e3a328,0x0000000709c00000)
 Metaspace       used 12334K, capacity 12486K, committed 12672K, reserved 1060864K
  class space    used 1090K, capacity 1151K, committed 1152K, reserved 1048576K
}
Event: 15.442 GC heap before
{Heap before GC invocations=15 (full 0):
 PSYoungGen      total 44544K, used 41152K [0x0000000780980000, 0x0000000783980000, 0x00000007c0000000)
  eden space 40960K, 100% used [0x0000000780980000,0x0000000783180000,0x0000000783180000)
  from space 3584K, 5% used [0x0000000783600000,0x0000000783630000,0x0000000783980000)
  to   space 4096K, 0% used [0x0000000783180000,0x0000000783180000,0x0000000783580000)
 ParOldGen       total 131072K, used 2280K [0x0000000701c00000, 0x0000000709c00000, 0x0000000780980000)
  object space 131072K, 1% used [0x0000000701c00000,0x0000000701e3a328,0x0000000709c00000)
 Metaspace       used 12334K, capacity 12486K, committed 12672K, reserved 1060864K
  class space    used 1090K, capacity 1151K, committed 1152K, reserved 1048576K
Event: 15.443 GC heap after
Heap after GC invocations=15 (full 0):
 PSYoungGen      total 40960K, used 128K [0x0000000780980000, 0x0000000783900000, 0x00000007c0000000)
  eden space 40448K, 0% used [0x0000000780980000,0x0000000780980000,0x0000000783100000)
  from space 512K, 25% used [0x0000000783180000,0x00000007831a0000,0x0000000783200000)
  to   space 4096K, 0% used [0x0000000783500000,0x0000000783500000,0x0000000783900000)
 ParOldGen       total 131072K, used 2304K [0x0000000701c00000, 0x0000000709c00000, 0x0000000780980000)
  object space 131072K, 1% used [0x0000000701c00000,0x0000000701e40328,0x0000000709c00000)
 Metaspace       used 12334K, capacity 12486K, committed 12672K, reserved 1060864K
  class space    used 1090K, capacity 1151K, committed 1152K, reserved 1048576K
}
Event: 15.516 GC heap before
{Heap before GC invocations=16 (full 0):
 PSYoungGen      total 40960K, used 40576K [0x0000000780980000, 0x0000000783900000, 0x00000007c0000000)
  eden space 40448K, 100% used [0x0000000780980000,0x0000000783100000,0x0000000783100000)
  from space 512K, 25% used [0x0000000783180000,0x00000007831a0000,0x0000000783200000)
  to   space 4096K, 0% used [0x0000000783500000,0x0000000783500000,0x0000000783900000)
 ParOldGen       total 131072K, used 2304K [0x0000000701c00000, 0x0000000709c00000, 0x0000000780980000)
  object space 131072K, 1% used [0x0000000701c00000,0x0000000701e40328,0x0000000709c00000)
 Metaspace       used 12334K, capacity 12486K, committed 12672K, reserved 1060864K
  class space    used 1090K, capacity 1151K, committed 1152K, reserved 1048576K
Event: 15.516 GC heap after
Heap after GC invocations=16 (full 0):
 PSYoungGen      total 43520K, used 128K [0x0000000780980000, 0x0000000783880000, 0x00000007c0000000)
  eden space 39936K, 0% used [0x0000000780980000,0x0000000780980000,0x0000000783080000)
  from space 3584K, 3% used [0x0000000783500000,0x0000000783520000,0x0000000783880000)
  to   space 4096K, 0% used [0x0000000783080000,0x0000000783080000,0x0000000783480000)
 ParOldGen       total 131072K, used 2328K [0x0000000701c00000, 0x0000000709c00000, 0x0000000780980000)
  object space 131072K, 1% used [0x0000000701c00000,0x0000000701e46328,0x0000000709c00000)
 Metaspace       used 12334K, capacity 12486K, committed 12672K, reserved 1060864K
  class space    used 1090K, capacity 1151K, committed 1152K, reserved 1048576K
}
Event: 15.594 GC heap before
{Heap before GC invocations=17 (full 0):
 PSYoungGen      total 43520K, used 40064K [0x0000000780980000, 0x0000000783880000, 0x00000007c0000000)
  eden space 39936K, 100% used [0x0000000780980000,0x0000000783080000,0x0000000783080000)
  from space 3584K, 3% used [0x0000000783500000,0x0000000783520000,0x0000000783880000)
  to   space 4096K, 0% used [0x0000000783080000,0x0000000783080000,0x0000000783480000)
 ParOldGen       total 131072K, used 2328K [0x0000000701c00000, 0x0000000709c00000, 0x0000000780980000)
  object space 131072K, 1% used [0x0000000701c00000,0x0000000701e46328,0x0000000709c00000)
 Metaspace       used 12341K, capacity 12486K, committed 12672K, reserved 1060864K
  class space    used 1090K, capacity 1151K, committed 1152K, reserved 1048576K
Event: 15.595 GC heap after
Heap after GC invocations=17 (full 0):
 PSYoungGen      total 39936K, used 64K [0x0000000780980000, 0x0000000783800000, 0x00000007c0000000)
  eden space 39424K, 0% used [0x0000000780980000,0x0000000780980000,0x0000000783000000)
  from space 512K, 12% used [0x0000000783080000,0x0000000783090000,0x0000000783100000)
  to   space 4096K, 0% used [0x0000000783400000,0x0000000783400000,0x0000000783800000)
 ParOldGen       total 131072K, used 2336K [0x0000000701c00000, 0x0000000709c00000, 0x0000000780980000)
  object space 131072K, 1% used [0x0000000701c00000,0x0000000701e48328,0x0000000709c00000)
 Metaspace       used 12341K, capacity 12486K, committed 12672K, reserved 1060864K
  class space    used 1090K, capacity 1151K, committed 1152K, reserved 1048576K
}
Event: 15.690 GC heap before
{Heap before GC invocations=18 (full 0):
 PSYoungGen      total 39936K, used 39488K [0x0000000780980000, 0x0000000783800000, 0x00000007c0000000)
  eden space 39424K, 100% used [0x0000000780980000,0x0000000783000000,0x0000000783000000)
  from space 512K, 12% used [0x0000000783080000,0x0000000783090000,0x0000000783100000)
  to   space 4096K, 0% used [0x0000000783400000,0x0000000783400000,0x0000000783800000)
 ParOldGen       total 131072K, used 2336K [0x0000000701c00000, 0x0000000709c00000, 0x0000000780980000)
  object space 131072K, 1% used [0x0000000701c00000,0x0000000701e48328,0x0000000709c00000)
 Metaspace       used 12343K, capacity 12486K, committed 12672K, reserved 1060864K
  class space    used 1090K, capacity 1151K, committed 1152K, reserved 1048576K
Event: 15.691 GC heap after
Heap after GC invocations=18 (full 0):
 PSYoungGen      total 41472K, used 64K [0x0000000780980000, 0x0000000783680000, 0x00000007c0000000)
  eden space 38912K, 0% used [0x0000000780980000,0x0000000780980000,0x0000000782f80000)
  from space 2560K, 2% used [0x0000000783400000,0x0000000783410000,0x0000000783680000)
  to   space 3584K, 0% used [0x0000000782f80000,0x0000000782f80000,0x0000000783300000)
 ParOldGen       total 131072K, used 2352K [0x0000000701c00000, 0x0000000709c00000, 0x0000000780980000)
  object space 131072K, 1% used [0x0000000701c00000,0x0000000701e4c328,0x0000000709c00000)
 Metaspace       used 12343K, capacity 12486K, committed 12672K, reserved 1060864K
  class space    used 1090K, capacity 1151K, committed 1152K, reserved 1048576K
}

Deoptimization events (7 events):
Event: 2.448 Thread 0x0000000002c7b800 Uncommon trap: reason=unstable_if action=reinterpret pc=0x0000000003072924 method=java.io.WinNTFileSystem.normalize(Ljava/lang/String;II)Ljava/lang/String; @ 8
Event: 13.940 Thread 0x0000000002c7b800 Uncommon trap: reason=unstable_if action=reinterpret pc=0x0000000003083e28 method=sun.misc.MetaIndex.mayContain(Ljava/lang/String;)Z @ 38
Event: 13.944 Thread 0x0000000002c7b800 Uncommon trap: reason=unstable_if action=reinterpret pc=0x000000000318d3f0 method=java.lang.String.lastIndexOf([CII[CIII)I @ 66
Event: 14.086 Thread 0x0000000002c7b800 Uncommon trap: reason=unstable_if action=reinterpret pc=0x00000000031bd914 method=sun.misc.URLClassPath.findResource(Ljava/lang/String;Z)Ljava/net/URL; @ 33
Event: 14.095 Thread 0x0000000002c7b800 Uncommon trap: reason=null_check action=make_not_entrant pc=0x00000000031f6bb4 method=java.net.URL.getURLStreamHandler(Ljava/lang/String;)Ljava/net/URLStreamHandler; @ 7
Event: 14.097 Thread 0x0000000002c7b800 Uncommon trap: reason=unstable_if action=reinterpret pc=0x00000000031d3b3c method=java.io.WinNTFileSystem.prefixLength(Ljava/lang/String;)I @ 42
Event: 16.586 Thread 0x000000001d22c800 Uncommon trap: reason=unstable_if action=reinterpret pc=0x00000000033c2000 method=java.lang.ThreadLocal.get()Ljava/lang/Object; @ 11

Classes redefined (0 events):
No events

Internal exceptions (10 events):
Event: 15.684 Thread 0x0000000002c7b800 Exception <a 'sun/nio/fs/WindowsException'> (0x0000000782d81ea8) thrown at [C:\re\workspace\8-2-build-windows-amd64-cygwin\jdk8u171\10807\hotspot\src\share\vm\prims\jni.cpp, line 709]
Event: 15.690 Thread 0x0000000002c7b800 Exception <a 'sun/nio/fs/WindowsException'> (0x0000000782ff95d8) thrown at [C:\re\workspace\8-2-build-windows-amd64-cygwin\jdk8u171\10807\hotspot\src\share\vm\prims\jni.cpp, line 709]
Event: 15.698 Thread 0x0000000002c7b800 Exception <a 'sun/nio/fs/WindowsException'> (0x0000000780c190c0) thrown at [C:\re\workspace\8-2-build-windows-amd64-cygwin\jdk8u171\10807\hotspot\src\share\vm\prims\jni.cpp, line 709]
Event: 15.703 Thread 0x0000000002c7b800 Exception <a 'sun/nio/fs/WindowsException'> (0x0000000780e907b8) thrown at [C:\re\workspace\8-2-build-windows-amd64-cygwin\jdk8u171\10807\hotspot\src\share\vm\prims\jni.cpp, line 709]
Event: 15.709 Thread 0x0000000002c7b800 Exception <a 'sun/nio/fs/WindowsException'> (0x000000078110d530) thrown at [C:\re\workspace\8-2-build-windows-amd64-cygwin\jdk8u171\10807\hotspot\src\share\vm\prims\jni.cpp, line 709]
Event: 15.715 Thread 0x0000000002c7b800 Exception <a 'sun/nio/fs/WindowsException'> (0x0000000781384e68) thrown at [C:\re\workspace\8-2-build-windows-amd64-cygwin\jdk8u171\10807\hotspot\src\share\vm\prims\jni.cpp, line 709]
Event: 15.734 Thread 0x0000000002c7b800 Exception <a 'sun/nio/fs/WindowsException'> (0x0000000781c4bc40) thrown at [C:\re\workspace\8-2-build-windows-amd64-cygwin\jdk8u171\10807\hotspot\src\share\vm\prims\jni.cpp, line 709]
Event: 15.740 Thread 0x0000000002c7b800 Exception <a 'sun/nio/fs/WindowsException'> (0x0000000781f1b960) thrown at [C:\re\workspace\8-2-build-windows-amd64-cygwin\jdk8u171\10807\hotspot\src\share\vm\prims\jni.cpp, line 709]
Event: 15.746 Thread 0x0000000002c7b800 Exception <a 'sun/nio/fs/WindowsException'> (0x00000007821cde70) thrown at [C:\re\workspace\8-2-build-windows-amd64-cygwin\jdk8u171\10807\hotspot\src\share\vm\prims\jni.cpp, line 709]
Event: 16.586 Thread 0x000000001d22c800 Implicit null exception at 0x00000000033c1ea1 to 0x00000000033c1fe1

Events (10 events):
Event: 50.020 Executing VM operation: GetOrSetLocal
Event: 50.020 Executing VM operation: GetOrSetLocal done
Event: 50.417 Executing VM operation: EnterInterpOnlyMode
Event: 50.417 Executing VM operation: EnterInterpOnlyMode done
Event: 50.417 Executing VM operation: GetCurrentLocation
Event: 50.417 Executing VM operation: GetCurrentLocation done
Event: 50.417 Executing VM operation: ChangeSingleStep
Event: 50.417 Executing VM operation: ChangeSingleStep done
Event: 50.417 Executing VM operation: ChangeSingleStep
Event: 50.418 Executing VM operation: ChangeSingleStep done


Dynamic libraries:
0x00007ff699a40000 - 0x00007ff699a77000 	D:\Program Files\Java\jdk1.8.0_171\bin\java.exe
0x00007ffc58630000 - 0x00007ffc58824000 	C:\WINDOWS\SYSTEM32\ntdll.dll
0x00007ffc566a0000 - 0x00007ffc5675d000 	C:\WINDOWS\System32\KERNEL32.DLL
0x00007ffc560f0000 - 0x00007ffc563b7000 	C:\WINDOWS\System32\KERNELBASE.dll
0x00007ffc57f40000 - 0x00007ffc57fea000 	C:\WINDOWS\System32\ADVAPI32.dll
0x00007ffc57d10000 - 0x00007ffc57dae000 	C:\WINDOWS\System32\msvcrt.dll
0x00007ffc57ea0000 - 0x00007ffc57f3b000 	C:\WINDOWS\System32\sechost.dll
0x00007ffc57ff0000 - 0x00007ffc58113000 	C:\WINDOWS\System32\RPCRT4.dll
0x00007ffc56c30000 - 0x00007ffc56dd0000 	C:\WINDOWS\System32\USER32.dll
0x00007ffc55d80000 - 0x00007ffc55da2000 	C:\WINDOWS\System32\win32u.dll
0x00007ffc57510000 - 0x00007ffc5753a000 	C:\WINDOWS\System32\GDI32.dll
0x00007ffc56540000 - 0x00007ffc56649000 	C:\WINDOWS\System32\gdi32full.dll
0x00007ffc56470000 - 0x00007ffc5650d000 	C:\WINDOWS\System32\msvcp_win.dll
0x00007ffc55e10000 - 0x00007ffc55f10000 	C:\WINDOWS\System32\ucrtbase.dll
0x00007ffc44d80000 - 0x00007ffc4501a000 	C:\WINDOWS\WinSxS\amd64_microsoft.windows.common-controls_6595b64144ccf1df_6.0.19041.1_none_b555e41d4684ddec\COMCTL32.dll
0x00007ffc581e0000 - 0x00007ffc58210000 	C:\WINDOWS\System32\IMM32.DLL
0x0000000055bd0000 - 0x0000000055ca2000 	D:\Program Files\Java\jdk1.8.0_171\jre\bin\msvcr100.dll
0x0000000055330000 - 0x0000000055bd0000 	D:\Program Files\Java\jdk1.8.0_171\jre\bin\server\jvm.dll
0x00007ffc585e0000 - 0x00007ffc585e8000 	C:\WINDOWS\System32\PSAPI.DLL
0x00007ffc50e40000 - 0x00007ffc50e67000 	C:\WINDOWS\SYSTEM32\WINMM.dll
0x00007ffc4cb10000 - 0x00007ffc4cb1a000 	C:\WINDOWS\SYSTEM32\VERSION.dll
0x00007ffc53650000 - 0x00007ffc53659000 	C:\WINDOWS\SYSTEM32\WSOCK32.dll
0x00007ffc57af0000 - 0x00007ffc57b5b000 	C:\WINDOWS\System32\WS2_32.dll
0x00000000560b0000 - 0x00000000560bf000 	D:\Program Files\Java\jdk1.8.0_171\jre\bin\verify.dll
0x0000000056080000 - 0x00000000560a9000 	D:\Program Files\Java\jdk1.8.0_171\jre\bin\java.dll
0x0000000055ef0000 - 0x0000000055f25000 	D:\Program Files\Java\jdk1.8.0_171\jre\bin\jdwp.dll
0x0000000055320000 - 0x0000000055328000 	D:\Program Files\Java\jdk1.8.0_171\jre\bin\npt.dll
0x00000000552f0000 - 0x0000000055313000 	D:\Program Files\Java\jdk1.8.0_171\jre\bin\instrument.dll
0x0000000055f70000 - 0x0000000055f86000 	D:\Program Files\Java\jdk1.8.0_171\jre\bin\zip.dll
0x00007ffc56dd0000 - 0x00007ffc57501000 	C:\WINDOWS\System32\SHELL32.dll
0x00007ffc53eb0000 - 0x00007ffc5463a000 	C:\WINDOWS\SYSTEM32\windows.storage.dll
0x00007ffc57660000 - 0x00007ffc579b4000 	C:\WINDOWS\System32\combase.dll
0x00007ffc55730000 - 0x00007ffc5575b000 	C:\WINDOWS\SYSTEM32\Wldp.dll
0x00007ffc58530000 - 0x00007ffc585de000 	C:\WINDOWS\System32\SHCORE.dll
0x00007ffc582b0000 - 0x00007ffc58305000 	C:\WINDOWS\System32\shlwapi.dll
0x00007ffc55cc0000 - 0x00007ffc55cdf000 	C:\WINDOWS\SYSTEM32\profapi.dll
0x00000000552e0000 - 0x00000000552e9000 	D:\Program Files\Java\jdk1.8.0_171\jre\bin\dt_socket.dll
0x00007ffc55520000 - 0x00007ffc5558a000 	C:\WINDOWS\system32\mswsock.dll
0x00007ffc1f6d0000 - 0x00007ffc1f827000 	C:\Users\LiZhanqi\.javacpp\cache\ffmpeg-4.2.1-1.5.2-windows-x86_64.jar\org\bytedeco\ffmpeg\windows-x86_64\avutil-56.dll
0x00007ffc56510000 - 0x00007ffc56537000 	C:\WINDOWS\System32\bcrypt.dll
0x0000000055f50000 - 0x0000000055f6a000 	D:\Program Files\Java\jdk1.8.0_171\jre\bin\net.dll
0x0000000055f30000 - 0x0000000055f41000 	D:\Program Files\Java\jdk1.8.0_171\jre\bin\nio.dll
0x000000006fe00000 - 0x000000006feaa000 	C:\Users\LiZhanqi\.javacpp\cache\ffmpeg-4.2.1-1.5.2-windows-x86_64.jar\org\bytedeco\ffmpeg\windows-x86_64\jniavutil.dll
0x00007ffc48400000 - 0x00007ffc48427000 	C:\Users\LiZhanqi\.javacpp\cache\ffmpeg-4.2.1-1.5.2-windows-x86_64.jar\org\bytedeco\ffmpeg\windows-x86_64\swresample-3.dll
0x0000000070080000 - 0x00000000700ae000 	C:\Users\LiZhanqi\.javacpp\cache\ffmpeg-4.2.1-1.5.2-windows-x86_64.jar\org\bytedeco\ffmpeg\windows-x86_64\jniswresample.dll
0x00007ffc07020000 - 0x00007ffc0a1fe000 	C:\Users\LiZhanqi\.javacpp\cache\ffmpeg-4.2.1-1.5.2-windows-x86_64.jar\org\bytedeco\ffmpeg\windows-x86_64\avcodec-58.dll
0x00007ffc58310000 - 0x00007ffc58439000 	C:\WINDOWS\System32\ole32.dll
0x000000006a1c0000 - 0x000000006a2a7000 	C:\Users\LiZhanqi\.javacpp\cache\ffmpeg-4.2.1-1.5.2-windows-x86_64.jar\org\bytedeco\ffmpeg\windows-x86_64\jniavcodec.dll
0x00007ffc14ce0000 - 0x00007ffc15223000 	C:\Users\LiZhanqi\.javacpp\cache\ffmpeg-4.2.1-1.5.2-windows-x86_64.jar\org\bytedeco\ffmpeg\windows-x86_64\avformat-58.dll
0x00007ffc55f90000 - 0x00007ffc560ed000 	C:\WINDOWS\System32\CRYPT32.dll
0x000000006abc0000 - 0x000000006ac83000 	C:\Users\LiZhanqi\.javacpp\cache\ffmpeg-4.2.1-1.5.2-windows-x86_64.jar\org\bytedeco\ffmpeg\windows-x86_64\jniavformat.dll
0x00007ffc440a0000 - 0x00007ffc44137000 	C:\Users\LiZhanqi\.javacpp\cache\ffmpeg-4.2.1-1.5.2-windows-x86_64.jar\org\bytedeco\ffmpeg\windows-x86_64\swscale-5.dll
0x0000000067cc0000 - 0x0000000067cf3000 	C:\Users\LiZhanqi\.javacpp\cache\ffmpeg-4.2.1-1.5.2-windows-x86_64.jar\org\bytedeco\ffmpeg\windows-x86_64\jniswscale.dll
0x00007ffc482f0000 - 0x00007ffc4831a000 	C:\Users\LiZhanqi\.javacpp\cache\ffmpeg-4.2.1-1.5.2-windows-x86_64.jar\org\bytedeco\ffmpeg\windows-x86_64\postproc-55.dll
0x000000006a0c0000 - 0x000000006a0ed000 	C:\Users\LiZhanqi\.javacpp\cache\ffmpeg-4.2.1-1.5.2-windows-x86_64.jar\org\bytedeco\ffmpeg\windows-x86_64\jnipostproc.dll
0x00007ffc148f0000 - 0x00007ffc14cdf000 	C:\Users\LiZhanqi\.javacpp\cache\ffmpeg-4.2.1-1.5.2-windows-x86_64.jar\org\bytedeco\ffmpeg\windows-x86_64\avfilter-7.dll
0x0000000064400000 - 0x0000000064459000 	C:\Users\LiZhanqi\.javacpp\cache\ffmpeg-4.2.1-1.5.2-windows-x86_64.jar\org\bytedeco\ffmpeg\windows-x86_64\jniavfilter.dll
0x00007ffc482c0000 - 0x00007ffc482ec000 	C:\Users\LiZhanqi\.javacpp\cache\ffmpeg-4.2.1-1.5.2-windows-x86_64.jar\org\bytedeco\ffmpeg\windows-x86_64\avdevice-58.dll
0x00007ffc57db0000 - 0x00007ffc57e7d000 	C:\WINDOWS\System32\OLEAUT32.dll
0x00007ffc48dd0000 - 0x00007ffc48de9000 	C:\WINDOWS\SYSTEM32\AVICAP32.dll
0x00007ffc30980000 - 0x00007ffc309ab000 	C:\WINDOWS\SYSTEM32\MSVFW32.dll
0x0000000002e80000 - 0x0000000002eb3000 	C:\Users\LiZhanqi\.javacpp\cache\ffmpeg-4.2.1-1.5.2-windows-x86_64.jar\org\bytedeco\ffmpeg\windows-x86_64\jniavdevice.dll
0x00000000552d0000 - 0x00000000552dc000 	D:\Program Files\Java\jdk1.8.0_171\jre\bin\jsound.dll
0x00000000552c0000 - 0x00000000552cb000 	D:\Program Files\Java\jdk1.8.0_171\jre\bin\jsoundds.dll
0x00007ffc29a00000 - 0x00007ffc29a9c000 	C:\WINDOWS\SYSTEM32\DSOUND.dll
0x00007ffc55350000 - 0x00007ffc5539b000 	C:\WINDOWS\SYSTEM32\powrprof.dll
0x00007ffc3e5a0000 - 0x00007ffc3e5c6000 	C:\WINDOWS\SYSTEM32\winmmbase.dll
0x00007ffc551c0000 - 0x00007ffc551d2000 	C:\WINDOWS\SYSTEM32\UMPDC.dll
0x00007ffc53cb0000 - 0x00007ffc53cc3000 	C:\WINDOWS\SYSTEM32\kernel.appcore.dll
0x00007ffc4e840000 - 0x00007ffc4e8c5000 	C:\WINDOWS\SYSTEM32\MMDevAPI.DLL
0x00007ffc55b40000 - 0x00007ffc55b6c000 	C:\WINDOWS\SYSTEM32\DEVOBJ.dll
0x00007ffc56650000 - 0x00007ffc5669d000 	C:\WINDOWS\System32\cfgmgr32.dll
0x00007ffc55f10000 - 0x00007ffc55f8f000 	C:\WINDOWS\System32\bcryptPrimitives.dll
0x00007ffc30930000 - 0x00007ffc30976000 	C:\WINDOWS\SYSTEM32\wdmaud.drv
0x00007ffc4a1e0000 - 0x00007ffc4a1e9000 	C:\WINDOWS\SYSTEM32\ksuser.dll
0x00007ffc4f340000 - 0x00007ffc4f34a000 	C:\WINDOWS\SYSTEM32\AVRT.dll
0x00007ffc53750000 - 0x00007ffc537ef000 	C:\WINDOWS\system32\uxtheme.dll
0x00007ffc4eb00000 - 0x00007ffc4ec80000 	C:\WINDOWS\SYSTEM32\AUDIOSES.DLL
0x00007ffc49090000 - 0x00007ffc4909d000 	C:\WINDOWS\SYSTEM32\msacm32.drv
0x00007ffc483e0000 - 0x00007ffc483fe000 	C:\WINDOWS\SYSTEM32\MSACM32.dll
0x00007ffc48f20000 - 0x00007ffc48f2b000 	C:\WINDOWS\SYSTEM32\midimap.dll
0x00007ffc579c0000 - 0x00007ffc57a68000 	C:\WINDOWS\System32\clbcatq.dll
0x00007ffc538d0000 - 0x00007ffc538e4000 	C:\WINDOWS\SYSTEM32\resourcepolicyclient.dll
0x00007ffc015f0000 - 0x00007ffc0442d000 	D:\arcsoft-lib\libarcsoft_face.dll
0x00007ffc41d30000 - 0x00007ffc41dd6000 	C:\WINDOWS\SYSTEM32\MSVCP120.dll
0x00007ffc42780000 - 0x00007ffc4286f000 	C:\WINDOWS\SYSTEM32\MSVCR120.dll
0x00007ffc1ff80000 - 0x00007ffc1ffff000 	D:\arcsoft-lib\libarcsoft_face_engine.dll
0x00007ffc56bd0000 - 0x00007ffc56c26000 	C:\WINDOWS\System32\WLDAP32.dll
0x00007ffc551e0000 - 0x00007ffc5521b000 	C:\WINDOWS\SYSTEM32\IPHLPAPI.DLL
0x00007ffc2f090000 - 0x00007ffc2f0b5000 	D:\arcsoft-lib\libarcsoft_face_engine_jni.dll
0x000000006d7c0000 - 0x000000006f385000 	C:\Users\LiZhanqi\.javacpp\cache\openblas-0.3.7-1.5.2-windows-x86_64.jar\org\bytedeco\openblas\windows-x86_64\libopenblas_nolapack.dll
0x0000000071000000 - 0x0000000071061000 	C:\Users\LiZhanqi\.javacpp\cache\openblas-0.3.7-1.5.2-windows-x86_64.jar\org\bytedeco\openblas\windows-x86_64\jniopenblas_nolapack.dll
0x0000000030420000 - 0x0000000031fe5000 	C:\Users\LiZhanqi\.javacpp\cache\openblas-0.3.7-1.5.2-windows-x86_64.jar\org\bytedeco\openblas\windows-x86_64\libopenblas.dll
0x00000000405f0000 - 0x0000000041506000 	C:\Users\LiZhanqi\.javacpp\cache\openblas-0.3.7-1.5.2-windows-x86_64.jar\org\bytedeco\openblas\windows-x86_64\jniopenblas.dll
0x00000000212a0000 - 0x00000000212a3000 	C:\Users\LiZhanqi\.javacpp\cache\opencv-4.1.2-1.5.2-windows-x86_64.jar\org\bytedeco\opencv\windows-x86_64\api-ms-win-crt-locale-l1-1-0.dll
0x0000000030180000 - 0x0000000030184000 	C:\Users\LiZhanqi\.javacpp\cache\opencv-4.1.2-1.5.2-windows-x86_64.jar\org\bytedeco\opencv\windows-x86_64\api-ms-win-crt-string-l1-1-0.dll
0x0000000030190000 - 0x0000000030194000 	C:\Users\LiZhanqi\.javacpp\cache\opencv-4.1.2-1.5.2-windows-x86_64.jar\org\bytedeco\opencv\windows-x86_64\api-ms-win-crt-stdio-l1-1-0.dll
0x00000000301a0000 - 0x00000000301a5000 	C:\Users\LiZhanqi\.javacpp\cache\opencv-4.1.2-1.5.2-windows-x86_64.jar\org\bytedeco\opencv\windows-x86_64\api-ms-win-crt-math-l1-1-0.dll
0x00000000301b0000 - 0x00000000301b3000 	C:\Users\LiZhanqi\.javacpp\cache\opencv-4.1.2-1.5.2-windows-x86_64.jar\org\bytedeco\opencv\windows-x86_64\api-ms-win-crt-heap-l1-1-0.dll
0x00000000301c0000 - 0x00000000301c4000 	C:\Users\LiZhanqi\.javacpp\cache\opencv-4.1.2-1.5.2-windows-x86_64.jar\org\bytedeco\opencv\windows-x86_64\api-ms-win-crt-runtime-l1-1-0.dll
0x00000000301d0000 - 0x00000000301d4000 	C:\Users\LiZhanqi\.javacpp\cache\opencv-4.1.2-1.5.2-windows-x86_64.jar\org\bytedeco\opencv\windows-x86_64\api-ms-win-crt-convert-l1-1-0.dll
0x00000000301e0000 - 0x00000000301e3000 	C:\Users\LiZhanqi\.javacpp\cache\opencv-4.1.2-1.5.2-windows-x86_64.jar\org\bytedeco\opencv\windows-x86_64\api-ms-win-crt-environment-l1-1-0.dll
0x00000000301f0000 - 0x00000000301f3000 	C:\Users\LiZhanqi\.javacpp\cache\opencv-4.1.2-1.5.2-windows-x86_64.jar\org\bytedeco\opencv\windows-x86_64\api-ms-win-crt-time-l1-1-0.dll
0x0000000030200000 - 0x0000000030203000 	C:\Users\LiZhanqi\.javacpp\cache\opencv-4.1.2-1.5.2-windows-x86_64.jar\org\bytedeco\opencv\windows-x86_64\api-ms-win-crt-filesystem-l1-1-0.dll
0x0000000030210000 - 0x0000000030213000 	C:\Users\LiZhanqi\.javacpp\cache\opencv-4.1.2-1.5.2-windows-x86_64.jar\org\bytedeco\opencv\windows-x86_64\api-ms-win-crt-utility-l1-1-0.dll
0x0000000041510000 - 0x0000000041515000 	C:\Users\LiZhanqi\.javacpp\cache\opencv-4.1.2-1.5.2-windows-x86_64.jar\org\bytedeco\opencv\windows-x86_64\api-ms-win-crt-multibyte-l1-1-0.dll
0x0000000041520000 - 0x0000000041523000 	C:\Users\LiZhanqi\.javacpp\cache\opencv-4.1.2-1.5.2-windows-x86_64.jar\org\bytedeco\opencv\windows-x86_64\api-ms-win-core-string-l1-1-0.dll
0x0000000041530000 - 0x0000000041533000 	C:\Users\LiZhanqi\.javacpp\cache\opencv-4.1.2-1.5.2-windows-x86_64.jar\org\bytedeco\opencv\windows-x86_64\api-ms-win-core-errorhandling-l1-1-0.dll
0x0000000041540000 - 0x0000000041543000 	C:\Users\LiZhanqi\.javacpp\cache\opencv-4.1.2-1.5.2-windows-x86_64.jar\org\bytedeco\opencv\windows-x86_64\api-ms-win-core-timezone-l1-1-0.dll
0x0000000041550000 - 0x0000000041554000 	C:\Users\LiZhanqi\.javacpp\cache\opencv-4.1.2-1.5.2-windows-x86_64.jar\org\bytedeco\opencv\windows-x86_64\api-ms-win-core-file-l1-1-0.dll
0x0000000041560000 - 0x0000000041563000 	C:\Users\LiZhanqi\.javacpp\cache\opencv-4.1.2-1.5.2-windows-x86_64.jar\org\bytedeco\opencv\windows-x86_64\api-ms-win-core-namedpipe-l1-1-0.dll
0x0000000041570000 - 0x0000000041573000 	C:\Users\LiZhanqi\.javacpp\cache\opencv-4.1.2-1.5.2-windows-x86_64.jar\org\bytedeco\opencv\windows-x86_64\api-ms-win-core-handle-l1-1-0.dll
0x0000000041580000 - 0x0000000041583000 	C:\Users\LiZhanqi\.javacpp\cache\opencv-4.1.2-1.5.2-windows-x86_64.jar\org\bytedeco\opencv\windows-x86_64\api-ms-win-core-file-l2-1-0.dll
0x0000000041590000 - 0x0000000041593000 	C:\Users\LiZhanqi\.javacpp\cache\opencv-4.1.2-1.5.2-windows-x86_64.jar\org\bytedeco\opencv\windows-x86_64\api-ms-win-core-heap-l1-1-0.dll
0x00000000415a0000 - 0x00000000415a3000 	C:\Users\LiZhanqi\.javacpp\cache\opencv-4.1.2-1.5.2-windows-x86_64.jar\org\bytedeco\opencv\windows-x86_64\api-ms-win-core-libraryloader-l1-1-0.dll
0x00000000415b0000 - 0x00000000415b3000 	C:\Users\LiZhanqi\.javacpp\cache\opencv-4.1.2-1.5.2-windows-x86_64.jar\org\bytedeco\opencv\windows-x86_64\api-ms-win-core-synch-l1-1-0.dll
0x00000000415c0000 - 0x00000000415c3000 	C:\Users\LiZhanqi\.javacpp\cache\opencv-4.1.2-1.5.2-windows-x86_64.jar\org\bytedeco\opencv\windows-x86_64\api-ms-win-core-processthreads-l1-1-0.dll
0x00000000415d0000 - 0x00000000415d3000 	C:\Users\LiZhanqi\.javacpp\cache\opencv-4.1.2-1.5.2-windows-x86_64.jar\org\bytedeco\opencv\windows-x86_64\api-ms-win-core-processenvironment-l1-1-0.dll
0x00000000415e0000 - 0x00000000415e3000 	C:\Users\LiZhanqi\.javacpp\cache\opencv-4.1.2-1.5.2-windows-x86_64.jar\org\bytedeco\opencv\windows-x86_64\api-ms-win-core-datetime-l1-1-0.dll
0x00000000415f0000 - 0x00000000415f3000 	C:\Users\LiZhanqi\.javacpp\cache\opencv-4.1.2-1.5.2-windows-x86_64.jar\org\bytedeco\opencv\windows-x86_64\api-ms-win-core-localization-l1-2-0.dll
0x0000000041600000 - 0x0000000041603000 	C:\Users\LiZhanqi\.javacpp\cache\opencv-4.1.2-1.5.2-windows-x86_64.jar\org\bytedeco\opencv\windows-x86_64\api-ms-win-core-sysinfo-l1-1-0.dll
0x0000000041610000 - 0x0000000041613000 	C:\Users\LiZhanqi\.javacpp\cache\opencv-4.1.2-1.5.2-windows-x86_64.jar\org\bytedeco\opencv\windows-x86_64\api-ms-win-core-synch-l1-2-0.dll
0x0000000041620000 - 0x0000000041623000 	C:\Users\LiZhanqi\.javacpp\cache\opencv-4.1.2-1.5.2-windows-x86_64.jar\org\bytedeco\opencv\windows-x86_64\api-ms-win-core-console-l1-1-0.dll
0x0000000041630000 - 0x0000000041633000 	C:\Users\LiZhanqi\.javacpp\cache\opencv-4.1.2-1.5.2-windows-x86_64.jar\org\bytedeco\opencv\windows-x86_64\api-ms-win-core-debug-l1-1-0.dll
0x0000000041640000 - 0x0000000041643000 	C:\Users\LiZhanqi\.javacpp\cache\opencv-4.1.2-1.5.2-windows-x86_64.jar\org\bytedeco\opencv\windows-x86_64\api-ms-win-core-rtlsupport-l1-1-0.dll
0x0000000041650000 - 0x0000000041653000 	C:\Users\LiZhanqi\.javacpp\cache\opencv-4.1.2-1.5.2-windows-x86_64.jar\org\bytedeco\opencv\windows-x86_64\api-ms-win-core-processthreads-l1-1-1.dll
0x0000000041660000 - 0x0000000041663000 	C:\Users\LiZhanqi\.javacpp\cache\opencv-4.1.2-1.5.2-windows-x86_64.jar\org\bytedeco\opencv\windows-x86_64\api-ms-win-core-file-l1-2-0.dll
0x0000000041670000 - 0x0000000041673000 	C:\Users\LiZhanqi\.javacpp\cache\opencv-4.1.2-1.5.2-windows-x86_64.jar\org\bytedeco\opencv\windows-x86_64\api-ms-win-core-profile-l1-1-0.dll

VM Arguments:
jvm_args: -agentlib:jdwp=transport=dt_socket,address=127.0.0.1:6367,suspend=y,server=n -javaagent:C:\Users\LiZhanqi\.IdeaIC2019.3\system\captureAgent\debugger-agent.jar -Dfile.encoding=UTF-8 
java_command: com.lzq.faceserver.TestA
java_class_path (initial): D:\Program Files\Java\jdk1.8.0_171\jre\lib\charsets.jar;D:\Program Files\Java\jdk1.8.0_171\jre\lib\deploy.jar;D:\Program Files\Java\jdk1.8.0_171\jre\lib\ext\access-bridge-64.jar;D:\Program Files\Java\jdk1.8.0_171\jre\lib\ext\cldrdata.jar;D:\Program Files\Java\jdk1.8.0_171\jre\lib\ext\dnsns.jar;D:\Program Files\Java\jdk1.8.0_171\jre\lib\ext\jaccess.jar;D:\Program Files\Java\jdk1.8.0_171\jre\lib\ext\jfxrt.jar;D:\Program Files\Java\jdk1.8.0_171\jre\lib\ext\localedata.jar;D:\Program Files\Java\jdk1.8.0_171\jre\lib\ext\nashorn.jar;D:\Program Files\Java\jdk1.8.0_171\jre\lib\ext\sunec.jar;D:\Program Files\Java\jdk1.8.0_171\jre\lib\ext\sunjce_provider.jar;D:\Program Files\Java\jdk1.8.0_171\jre\lib\ext\sunmscapi.jar;D:\Program Files\Java\jdk1.8.0_171\jre\lib\ext\sunpkcs11.jar;D:\Program Files\Java\jdk1.8.0_171\jre\lib\ext\zipfs.jar;D:\Program Files\Java\jdk1.8.0_171\jre\lib\javaws.jar;D:\Program Files\Java\jdk1.8.0_171\jre\lib\jce.jar;D:\Program Files\Java\jdk1.8.0_171\jre\lib\jfr.jar;D:\Program Files\Java\jdk1.8.0_171\jre\lib\jfxswt.jar;D:\Program Files\Java\jdk1.8.0_171\jre\lib\jsse.jar;D:\Program Files\Java\jdk1.8.0_171\jre\lib\management-agent.jar;D:\Program Files\Java\jdk1.8.0_171\jre\lib\plugin.jar;D:\Program Files\Java\jdk1.8.0_171\jre\lib\resources.jar;D:\Program Files\Java\jdk1.8.0_171\jre\lib\rt.jar;E:\IdeaProjects\ArcSoftFace\target\classes;E:\IdeaProjects\ArcSoftFace\src\main\lib\jmf.jar;C:\Users\LiZhanqi\.m2\repository\org\bytedeco\javacv-platform\1.5.2\javacv-platform-1.5.2.jar;C:\Users\LiZhanqi\.m2\repository\org\bytedeco\javacv\1.5.2\javacv-1.5.2.jar;C:\Users\LiZhanqi\.m2\repository\org\bytedeco\javacpp\1.5.2\javacpp-1.5.2.jar;C:\Users\LiZhanqi\.m2\repository\org\bytedeco\openblas\0.3.7-1.5.2\openblas-0.3.7-1.5.2.jar;C:\Users\LiZhanqi\.m2\repository\org\bytedeco\opencv\4.1.2-1.5.2\opencv-4.1.2-1.5.2.jar;C:\Users\LiZhanqi\.m2\repository\org\bytedeco\ffmpeg\4.2.1-1.5.2\ffmpeg-4.2.1-1.5.2.jar;C:\Users\LiZhanqi\.m2\repository\org\byte
Launcher Type: SUN_STANDARD

Environment Variables:
PATH=C:\ProgramData\Oracle\Java\javapath;C:\WINDOWS\system32;C:\WINDOWS;C:\WINDOWS\System32\Wbem;C:\WINDOWS\System32\WindowsPowerShell\v1.0\;C:\WINDOWS\System32\OpenSSH\;C:\Program Files\Git\cmd;C:\Android\android-studio\jre\bin;C:\Android\Sdk\platform-tools;%EXE4J_JAVA_HOME%;C:\Program Files\dotnet\;C:\Program Files\apache-maven-3.6.1;C:\Windows\System32;C:\Program Files\Microsoft SQL Server\130\Tools\Binn\;E:\software\android\Sdk;E:\software\android\Sdk;E:\software\android\flutter\bin;E:\software\android\Sdk\platform-tools;C:\Users\LiZhanqi\AppData\Local\Microsoft\WindowsApps;
USERNAME=LiZhanqi
OS=Windows_NT
PROCESSOR_IDENTIFIER=Intel64 Family 6 Model 60 Stepping 3, GenuineIntel



---------------  S Y S T E M  ---------------

OS: Windows 10.0 , 64 bit Build 19041 (10.0.19041.207)

CPU:total 8 (initial active 8) (4 cores per cpu, 2 threads per core) family 6 model 60 stepping 3, cmov, cx8, fxsr, mmx, sse, sse2, sse3, ssse3, sse4.1, sse4.2, popcnt, avx, avx2, aes, clmul, erms, lzcnt, ht, tsc, tscinvbit, bmi1, bmi2

Memory: 4k page, physical 12463116k(7437996k free), swap 14405936k(7578216k free)

vm_info: Java HotSpot(TM) 64-Bit Server VM (25.171-b11) for windows-amd64 JRE (1.8.0_171-b11), built on Mar 28 2018 16:06:12 by "java_re" with MS VC++ 10.0 (VS2010)

time: Sun May 31 07:39:40 2020
elapsed time: 50 seconds (0d 0h 0m 50s)

