#
# A fatal error has been detected by the Java Runtime Environment:
#
#  EXCEPTION_ACCESS_VIOLATION (0xc0000005) at pc=0x00007ffc1c23c7da, pid=19248, tid=0x0000000000004188
#
# JRE version: Java(TM) SE Runtime Environment (8.0_171-b11) (build 1.8.0_171-b11)
# Java VM: Java HotSpot(TM) 64-Bit Server VM (25.171-b11 mixed mode windows-amd64 compressed oops)
# Problematic frame:
# C  [libarcsoft_face.dll+0xc7da]
#
# Failed to write core dump. Minidumps are not enabled by default on client versions of Windows
#
# If you would like to submit a bug report, please visit:
#   http://bugreport.java.com/bugreport/crash.jsp
# The crash happened outside the Java Virtual Machine in native code.
# See problematic frame for where to report the bug.
#

---------------  T H R E A D  ---------------

Current thread (0x000000001dc11800):  JavaThread "Thread-1" [_thread_in_native, id=16776, stack(0x000000005b2d0000,0x000000005b3d0000)]

siginfo: ExceptionCode=0xc0000005, reading address 0x0000000072c4d042

Registers:
RAX=0x0000000000000000, RBX=0x000000005b3cedb0, RCX=0x0000000000000000, RDX=0x0000000072c4d040
RSP=0x000000005b3cec50, RBP=0x0000000000000780, RSI=0x0000000000000040, RDI=0x0000000000000000
R8 =0x0000000000000000, R9 =0x0000000000000000, R10=0x0000000000000040, R11=0x0000000000000fc0
R12=0x0000000000000040, R13=0x00000000ffffffc0, R14=0x000000000000003f, R15=0x000000000000003f
RIP=0x00007ffc1c23c7da, EFLAGS=0x0000000000010246

Top of Stack: (sp=0x000000005b3cec50)
0x000000005b3cec50:   0000000000000030 00007ffc1c241e6d
0x000000005b3cec60:   00000000403eef58 0000000000000001
0x000000005b3cec70:   0000000000000000 0000000000000c00
0x000000005b3cec80:   0000003000000001 0000001000000030
0x000000005b3cec90:   0000000000000004 0000000000000000
0x000000005b3ceca0:   0000000000000000 0000000000000030
0x000000005b3cecb0:   0000004000000438 0000000000000000
0x000000005b3cecc0:   0000000000000000 0000000072c4d040
0x000000005b3cecd0:   000000003d4de318 000000003d61f040
0x000000005b3cece0:   0000000701ea7ea8 0000000000000000
0x000000005b3cecf0:   0000000781032138 0000000000000000
0x000000005b3ced00:   00000000f8008541 0000000000000000
0x000000005b3ced10:   000000003f800000 0000000000000000
0x000000005b3ced20:   0000000000000040 000000005b3cee40
0x000000005b3ced30:   0000000000000040 0000000040381d80
0x000000005b3ced40:   0000000000000001 0000000000000040 

Instructions: (pc=0x00007ffc1c23c7da)
0x00007ffc1c23c7ba:   85 c0 0f 48 c1 3b c5 7c 03 8d 45 ff 48 8b 54 24
0x00007ffc1c23c7ca:   78 48 63 c8 48 8b 44 24 70 48 8d 04 48 48 03 c8
0x00007ffc1c23c7da:   0f b6 44 11 02 66 0f 6e d0 0f b6 44 11 01 66 0f
0x00007ffc1c23c7ea:   6e c0 0f b6 04 11 0f 5b d2 f3 0f 59 d5 66 0f 6e 


Register to memory mapping:

RAX=0x0000000000000000 is an unknown value
RBX=0x000000005b3cedb0 is pointing into the stack for thread: 0x000000001dc11800
RCX=0x0000000000000000 is an unknown value
RDX=0x0000000072c4d040 is an unknown value
RSP=0x000000005b3cec50 is pointing into the stack for thread: 0x000000001dc11800
RBP=0x0000000000000780 is an unknown value
RSI=0x0000000000000040 is an unknown value
RDI=0x0000000000000000 is an unknown value
R8 =0x0000000000000000 is an unknown value
R9 =0x0000000000000000 is an unknown value
R10=0x0000000000000040 is an unknown value
R11=0x0000000000000fc0 is an unknown value
R12=0x0000000000000040 is an unknown value
R13=0x00000000ffffffc0 is an unknown value
R14=0x000000000000003f is an unknown value
R15=0x000000000000003f is an unknown value


Stack: [0x000000005b2d0000,0x000000005b3d0000],  sp=0x000000005b3cec50,  free space=1019k
Native frames: (J=compiled Java code, j=interpreted, Vv=VM code, C=native code)
C  [libarcsoft_face.dll+0xc7da]
C  [libarcsoft_face.dll+0xbceb]
C  [libarcsoft_face.dll+0x8884]
C  [libarcsoft_face.dll+0x7d2a]
C  [libarcsoft_face.dll+0x3c88]
C  [libarcsoft_face_engine.dll+0x5541]
C  [libarcsoft_face_engine_jni.dll+0x18f6]
C  0x0000000002ae8c67

Java frames: (J=compiled Java code, j=interpreted, Vv=VM code)
j  com.arcsoft.face.FaceEngine.detectFaces(J[BIIII[Lcom/arcsoft/face/FaceInfo;)I+0
j  com.arcsoft.face.FaceEngine.detectFaces([BIILcom/arcsoft/face/enums/ImageFormat;Lcom/arcsoft/face/enums/DetectModel;Ljava/util/List;)I+107
j  com.arcsoft.face.FaceEngine.detectFaces([BIILcom/arcsoft/face/enums/ImageFormat;Ljava/util/List;)I+11
j  com.lzq.faceserver.UIFace$2$1.onImage(Lorg/bytedeco/javacv/Frame;)V+65
J 1491% C1 com.lzq.faceserver.RTMP.startPlay()V (232 bytes) @ 0x0000000002c7fcbc [0x0000000002c7f700+0x5bc]
j  com.lzq.faceserver.UIFace$2.run()V+53
v  ~StubRoutines::call_stub

---------------  P R O C E S S  ---------------

Java Threads: ( => current thread )
  0x0000000063535000 JavaThread "pool-2-thread-1" [_thread_blocked, id=23132, stack(0x0000000064460000,0x0000000064560000)]
  0x000000001d8ce800 JavaThread "pool-1-thread-1" [_thread_blocked, id=4604, stack(0x000000005f720000,0x000000005f820000)]
  0x000000001d7a6800 JavaThread "AWT-EventQueue-0" [_thread_blocked, id=12748, stack(0x000000005f220000,0x000000005f320000)]
  0x000000001dcae000 JavaThread "AWT-Windows" daemon [_thread_in_native, id=9692, stack(0x000000005e830000,0x000000005e930000)]
  0x000000001dcad800 JavaThread "AWT-Shutdown" [_thread_blocked, id=18476, stack(0x000000005e730000,0x000000005e830000)]
  0x000000001dcac800 JavaThread "Java2D Disposer" daemon [_thread_blocked, id=25348, stack(0x000000005e630000,0x000000005e730000)]
  0x000000001cb00000 JavaThread "Java Sound Event Dispatcher" daemon [_thread_blocked, id=19676, stack(0x000000005dca0000,0x000000005dda0000)]
  0x000000001db9d800 JavaThread "Thread-2" [_thread_in_native, id=11596, stack(0x000000005b4d0000,0x000000005b5d0000)]
  0x000000000285b000 JavaThread "DestroyJavaVM" [_thread_blocked, id=18360, stack(0x0000000002750000,0x0000000002850000)]
=>0x000000001dc11800 JavaThread "Thread-1" [_thread_in_native, id=16776, stack(0x000000005b2d0000,0x000000005b3d0000)]
  0x000000001cd67800 JavaThread "JavaCPP Deallocator" daemon [_thread_blocked, id=26200, stack(0x000000002cd00000,0x000000002ce00000)]
  0x000000001ca8b800 JavaThread "Service Thread" daemon [_thread_blocked, id=11344, stack(0x000000001d330000,0x000000001d430000)]
  0x000000001c9f7800 JavaThread "C1 CompilerThread3" daemon [_thread_blocked, id=22588, stack(0x000000001d230000,0x000000001d330000)]
  0x000000001c9e9000 JavaThread "C2 CompilerThread2" daemon [_thread_blocked, id=22252, stack(0x000000001d130000,0x000000001d230000)]
  0x000000001c9e8000 JavaThread "C2 CompilerThread1" daemon [_thread_blocked, id=10956, stack(0x000000001d030000,0x000000001d130000)]
  0x000000001c910800 JavaThread "C2 CompilerThread0" daemon [_thread_blocked, id=14972, stack(0x000000001cf30000,0x000000001d030000)]
  0x000000001c90f000 JavaThread "Monitor Ctrl-Break" daemon [_thread_in_native, id=20264, stack(0x000000001ce30000,0x000000001cf30000)]
  0x000000001bf4a000 JavaThread "Attach Listener" daemon [_thread_blocked, id=17512, stack(0x000000001c520000,0x000000001c620000)]
  0x000000001bf48800 JavaThread "Signal Dispatcher" daemon [_thread_blocked, id=22696, stack(0x000000001c420000,0x000000001c520000)]
  0x000000001bed0800 JavaThread "Finalizer" daemon [_thread_blocked, id=14276, stack(0x000000001c2b0000,0x000000001c3b0000)]
  0x0000000019fe2000 JavaThread "Reference Handler" daemon [_thread_blocked, id=19276, stack(0x000000001bdb0000,0x000000001beb0000)]

Other Threads:
  0x0000000019fd9000 VMThread [stack: 0x000000001bcb0000,0x000000001bdb0000] [id=13300]
  0x000000001cb05000 WatcherThread [stack: 0x000000001d430000,0x000000001d530000] [id=15796]

VM state:not at safepoint (normal execution)

VM Mutex/Monitor currently owned by a thread: None

Heap:
 PSYoungGen      total 74240K, used 64923K [0x0000000780980000, 0x0000000785400000, 0x00000007c0000000)
  eden space 73728K, 87% used [0x0000000780980000,0x00000007848a6ff8,0x0000000785180000)
  from space 512K, 50% used [0x0000000785380000,0x00000007853c0000,0x0000000785400000)
  to   space 1024K, 0% used [0x0000000785200000,0x0000000785200000,0x0000000785300000)
 ParOldGen       total 171008K, used 70046K [0x0000000701c00000, 0x000000070c300000, 0x0000000780980000)
  object space 171008K, 40% used [0x0000000701c00000,0x0000000706067888,0x000000070c300000)
 Metaspace       used 17550K, capacity 17736K, committed 18048K, reserved 1064960K
  class space    used 1724K, capacity 1809K, committed 1920K, reserved 1048576K

Card table byte_map: [0x0000000011e90000,0x0000000012490000] byte_map_base: 0x000000000e682000

Marking Bits: (ParMarkBitMap*) 0x0000000055b508c0
 Begin Bits: [0x0000000013090000, 0x0000000016020000)
 End Bits:   [0x0000000016020000, 0x0000000018fb0000)

Polling page: 0x0000000000540000

CodeCache: size=245760Kb used=6179Kb max_used=6271Kb free=239580Kb
 bounds [0x0000000002ad0000, 0x0000000003100000, 0x0000000011ad0000]
 total_blobs=2335 nmethods=1322 adapters=925
 compilation: enabled

Compilation events (10 events):
Event: 48.793 Thread 0x000000001c9f7800 1494   !   3       org.bytedeco.javacpp.Pointer::deallocator (535 bytes)
Event: 48.798 Thread 0x000000001c9f7800 nmethod 1494 0x00000000030f1550 code [0x00000000030f1ce0, 0x00000000030f7178]
Event: 48.799 Thread 0x000000001c9f7800 1496       3       java.util.ArrayDeque::iterator (10 bytes)
Event: 48.799 Thread 0x000000001c9f7800 nmethod 1496 0x0000000002bf7090 code [0x0000000002bf7200, 0x0000000002bf7448]
Event: 48.799 Thread 0x000000001c9f7800 1497       3       java.util.ArrayDeque$DeqIterator::<init> (6 bytes)
Event: 48.799 Thread 0x000000001c9f7800 nmethod 1497 0x0000000002c7bb90 code [0x0000000002c7bd00, 0x0000000002c7be88]
Event: 48.854 Thread 0x000000001c9f7800 1498       1       java.awt.image.SampleModel::getNumBands (5 bytes)
Event: 48.855 Thread 0x000000001c9f7800 nmethod 1498 0x0000000002c2f510 code [0x0000000002c2f660, 0x0000000002c2f770]
Event: 48.937 Thread 0x000000001c9f7800 1499       1       java.lang.ThreadGroup::getMaxPriority (5 bytes)
Event: 48.937 Thread 0x000000001c9f7800 nmethod 1499 0x0000000002c28510 code [0x0000000002c28660, 0x0000000002c28770]

GC Heap History (10 events):
Event: 11.067 GC heap before
{Heap before GC invocations=44 (full 2):
 PSYoungGen      total 61952K, used 224K [0x0000000780980000, 0x0000000784d00000, 0x00000007c0000000)
  eden space 60928K, 0% used [0x0000000780980000,0x0000000780980000,0x0000000784500000)
  from space 1024K, 21% used [0x0000000784600000,0x0000000784638000,0x0000000784700000)
  to   space 1024K, 0% used [0x0000000784500000,0x0000000784500000,0x0000000784600000)
 ParOldGen       total 138752K, used 89990K [0x0000000701c00000, 0x000000070a380000, 0x0000000780980000)
  object space 138752K, 64% used [0x0000000701c00000,0x00000007073e1828,0x000000070a380000)
 Metaspace       used 17303K, capacity 17540K, committed 17792K, reserved 1064960K
  class space    used 1721K, capacity 1809K, committed 1920K, reserved 1048576K
Event: 11.090 GC heap after
Heap after GC invocations=44 (full 2):
 PSYoungGen      total 61952K, used 0K [0x0000000780980000, 0x0000000784d00000, 0x00000007c0000000)
  eden space 60928K, 0% used [0x0000000780980000,0x0000000780980000,0x0000000784500000)
  from space 1024K, 0% used [0x0000000784600000,0x0000000784600000,0x0000000784700000)
  to   space 1024K, 0% used [0x0000000784500000,0x0000000784500000,0x0000000784600000)
 ParOldGen       total 171008K, used 45650K [0x0000000701c00000, 0x000000070c300000, 0x0000000780980000)
  object space 171008K, 26% used [0x0000000701c00000,0x0000000704894848,0x000000070c300000)
 Metaspace       used 17303K, capacity 17540K, committed 17792K, reserved 1064960K
  class space    used 1721K, capacity 1809K, committed 1920K, reserved 1048576K
}
Event: 11.519 GC heap before
{Heap before GC invocations=45 (full 2):
 PSYoungGen      total 61952K, used 59482K [0x0000000780980000, 0x0000000784d00000, 0x00000007c0000000)
  eden space 60928K, 97% used [0x0000000780980000,0x0000000784396b00,0x0000000784500000)
  from space 1024K, 0% used [0x0000000784600000,0x0000000784600000,0x0000000784700000)
  to   space 1024K, 0% used [0x0000000784500000,0x0000000784500000,0x0000000784600000)
 ParOldGen       total 171008K, used 45650K [0x0000000701c00000, 0x000000070c300000, 0x0000000780980000)
  object space 171008K, 26% used [0x0000000701c00000,0x0000000704894848,0x000000070c300000)
 Metaspace       used 17336K, capacity 17540K, committed 17792K, reserved 1064960K
  class space    used 1724K, capacity 1809K, committed 1920K, reserved 1048576K
Event: 11.521 GC heap after
Heap after GC invocations=45 (full 2):
 PSYoungGen      total 61952K, used 288K [0x0000000780980000, 0x0000000784e80000, 0x00000007c0000000)
  eden space 60928K, 0% used [0x0000000780980000,0x0000000780980000,0x0000000784500000)
  from space 1024K, 28% used [0x0000000784500000,0x0000000784548000,0x0000000784600000)
  to   space 1024K, 0% used [0x0000000784d80000,0x0000000784d80000,0x0000000784e80000)
 ParOldGen       total 171008K, used 51733K [0x0000000701c00000, 0x000000070c300000, 0x0000000780980000)
  object space 171008K, 30% used [0x0000000701c00000,0x0000000704e85458,0x000000070c300000)
 Metaspace       used 17336K, capacity 17540K, committed 17792K, reserved 1064960K
  class space    used 1724K, capacity 1809K, committed 1920K, reserved 1048576K
}
Event: 11.925 GC heap before
{Heap before GC invocations=46 (full 2):
 PSYoungGen      total 61952K, used 59042K [0x0000000780980000, 0x0000000784e80000, 0x00000007c0000000)
  eden space 60928K, 96% used [0x0000000780980000,0x00000007842e0b58,0x0000000784500000)
  from space 1024K, 28% used [0x0000000784500000,0x0000000784548000,0x0000000784600000)
  to   space 1024K, 0% used [0x0000000784d80000,0x0000000784d80000,0x0000000784e80000)
 ParOldGen       total 171008K, used 51733K [0x0000000701c00000, 0x000000070c300000, 0x0000000780980000)
  object space 171008K, 30% used [0x0000000701c00000,0x0000000704e85458,0x000000070c300000)
 Metaspace       used 17344K, capacity 17540K, committed 17792K, reserved 1064960K
  class space    used 1724K, capacity 1809K, committed 1920K, reserved 1048576K
Event: 11.928 GC heap after
Heap after GC invocations=46 (full 2):
 PSYoungGen      total 68608K, used 224K [0x0000000780980000, 0x0000000784e00000, 0x00000007c0000000)
  eden space 68096K, 0% used [0x0000000780980000,0x0000000780980000,0x0000000784c00000)
  from space 512K, 43% used [0x0000000784d80000,0x0000000784db8000,0x0000000784e00000)
  to   space 1024K, 0% used [0x0000000784c00000,0x0000000784c00000,0x0000000784d00000)
 ParOldGen       total 171008K, used 57848K [0x0000000701c00000, 0x000000070c300000, 0x0000000780980000)
  object space 171008K, 33% used [0x0000000701c00000,0x000000070547e068,0x000000070c300000)
 Metaspace       used 17344K, capacity 17540K, committed 17792K, reserved 1064960K
  class space    used 1724K, capacity 1809K, committed 1920K, reserved 1048576K
}
Event: 12.421 GC heap before
{Heap before GC invocations=47 (full 2):
 PSYoungGen      total 68608K, used 65796K [0x0000000780980000, 0x0000000784e00000, 0x00000007c0000000)
  eden space 68096K, 96% used [0x0000000780980000,0x0000000784989050,0x0000000784c00000)
  from space 512K, 43% used [0x0000000784d80000,0x0000000784db8000,0x0000000784e00000)
  to   space 1024K, 0% used [0x0000000784c00000,0x0000000784c00000,0x0000000784d00000)
 ParOldGen       total 171008K, used 57848K [0x0000000701c00000, 0x000000070c300000, 0x0000000780980000)
  object space 171008K, 33% used [0x0000000701c00000,0x000000070547e068,0x000000070c300000)
 Metaspace       used 17349K, capacity 17540K, committed 17792K, reserved 1064960K
  class space    used 1724K, capacity 1809K, committed 1920K, reserved 1048576K
Event: 12.424 GC heap after
Heap after GC invocations=47 (full 2):
 PSYoungGen      total 69120K, used 288K [0x0000000780980000, 0x0000000785480000, 0x00000007c0000000)
  eden space 68096K, 0% used [0x0000000780980000,0x0000000780980000,0x0000000784c00000)
  from space 1024K, 28% used [0x0000000784c00000,0x0000000784c48000,0x0000000784d00000)
  to   space 1024K, 0% used [0x0000000785380000,0x0000000785380000,0x0000000785480000)
 ParOldGen       total 171008K, used 63963K [0x0000000701c00000, 0x000000070c300000, 0x0000000780980000)
  object space 171008K, 37% used [0x0000000701c00000,0x0000000705a76c78,0x000000070c300000)
 Metaspace       used 17349K, capacity 17540K, committed 17792K, reserved 1064960K
  class space    used 1724K, capacity 1809K, committed 1920K, reserved 1048576K
}
Event: 48.805 GC heap before
{Heap before GC invocations=48 (full 2):
 PSYoungGen      total 69120K, used 66104K [0x0000000780980000, 0x0000000785480000, 0x00000007c0000000)
  eden space 68096K, 96% used [0x0000000780980000,0x00000007849c6058,0x0000000784c00000)
  from space 1024K, 28% used [0x0000000784c00000,0x0000000784c48000,0x0000000784d00000)
  to   space 1024K, 0% used [0x0000000785380000,0x0000000785380000,0x0000000785480000)
 ParOldGen       total 171008K, used 63963K [0x0000000701c00000, 0x000000070c300000, 0x0000000780980000)
  object space 171008K, 37% used [0x0000000701c00000,0x0000000705a76c78,0x000000070c300000)
 Metaspace       used 17545K, capacity 17736K, committed 18048K, reserved 1064960K
  class space    used 1724K, capacity 1809K, committed 1920K, reserved 1048576K
Event: 48.807 GC heap after
Heap after GC invocations=48 (full 2):
 PSYoungGen      total 74240K, used 256K [0x0000000780980000, 0x0000000785400000, 0x00000007c0000000)
  eden space 73728K, 0% used [0x0000000780980000,0x0000000780980000,0x0000000785180000)
  from space 512K, 50% used [0x0000000785380000,0x00000007853c0000,0x0000000785400000)
  to   space 1024K, 0% used [0x0000000785200000,0x0000000785200000,0x0000000785300000)
 ParOldGen       total 171008K, used 70046K [0x0000000701c00000, 0x000000070c300000, 0x0000000780980000)
  object space 171008K, 40% used [0x0000000701c00000,0x0000000706067888,0x000000070c300000)
 Metaspace       used 17545K, capacity 17736K, committed 18048K, reserved 1064960K
  class space    used 1724K, capacity 1809K, committed 1920K, reserved 1048576K
}

Deoptimization events (10 events):
Event: 8.012 Thread 0x000000001dc11800 Uncommon trap: reason=unstable_if action=reinterpret pc=0x0000000002f53a80 method=java.lang.ClassLoader.getBootstrapResource(Ljava/lang/String;)Ljava/net/URL; @ 11
Event: 8.014 Thread 0x000000001dc11800 Uncommon trap: reason=unstable_if action=reinterpret pc=0x0000000002c68ed8 method=java.lang.AbstractStringBuilder.append(Ljava/lang/String;)Ljava/lang/AbstractStringBuilder; @ 1
Event: 8.014 Thread 0x000000001dc11800 Uncommon trap: reason=unstable_if action=reinterpret pc=0x0000000002c764d0 method=java.lang.AbstractStringBuilder.append(Ljava/lang/String;)Ljava/lang/AbstractStringBuilder; @ 1
Event: 8.018 Thread 0x000000001dc11800 Uncommon trap: reason=unstable_if action=reinterpret pc=0x0000000002d62428 method=java.util.HashMap.hash(Ljava/lang/Object;)I @ 1
Event: 8.018 Thread 0x000000001dc11800 Uncommon trap: reason=unstable_if action=reinterpret pc=0x0000000002f35af4 method=java.util.HashMap.hash(Ljava/lang/Object;)I @ 1
Event: 8.020 Thread 0x000000001dc11800 Uncommon trap: reason=unstable_if action=reinterpret pc=0x0000000002e1ed28 method=java.util.HashMap.hash(Ljava/lang/Object;)I @ 1
Event: 8.027 Thread 0x000000001dcae000 Uncommon trap: reason=bimorphic action=maybe_recompile pc=0x0000000002f17e28 method=java.util.HashMap.putVal(ILjava/lang/Object;Ljava/lang/Object;ZZ)Ljava/lang/Object; @ 203
Event: 8.027 Thread 0x000000001dcae000 Uncommon trap: reason=bimorphic action=maybe_recompile pc=0x0000000002f17e28 method=java.util.HashMap.putVal(ILjava/lang/Object;Ljava/lang/Object;ZZ)Ljava/lang/Object; @ 203
Event: 8.027 Thread 0x000000001dcae000 Uncommon trap: reason=bimorphic action=maybe_recompile pc=0x0000000002f17e28 method=java.util.HashMap.putVal(ILjava/lang/Object;Ljava/lang/Object;ZZ)Ljava/lang/Object; @ 203
Event: 10.809 Thread 0x000000001db9d800 Uncommon trap: reason=unstable_if action=reinterpret pc=0x0000000002f35c84 method=org.bytedeco.javacv.Java2DFrameConverter.flipCopyWithGamma(Ljava/nio/ByteBuffer;IILjava/nio/ByteBuffer;IIZDZI)V @ 46

Classes redefined (0 events):
No events

Internal exceptions (10 events):
Event: 10.297 Thread 0x000000001dc11800 Exception <a 'sun/nio/fs/WindowsException'> (0x000000078287b0c0) thrown at [C:\re\workspace\8-2-build-windows-amd64-cygwin\jdk8u171\10807\hotspot\src\share\vm\prims\jni.cpp, line 709]
Event: 10.305 Thread 0x000000001dc11800 Exception <a 'sun/nio/fs/WindowsException'> (0x0000000782c0aa90) thrown at [C:\re\workspace\8-2-build-windows-amd64-cygwin\jdk8u171\10807\hotspot\src\share\vm\prims\jni.cpp, line 709]
Event: 10.311 Thread 0x000000001dc11800 Exception <a 'sun/nio/fs/WindowsException'> (0x0000000782e8c6b8) thrown at [C:\re\workspace\8-2-build-windows-amd64-cygwin\jdk8u171\10807\hotspot\src\share\vm\prims\jni.cpp, line 709]
Event: 10.318 Thread 0x000000001dc11800 Exception <a 'sun/nio/fs/WindowsException'> (0x0000000780a36248) thrown at [C:\re\workspace\8-2-build-windows-amd64-cygwin\jdk8u171\10807\hotspot\src\share\vm\prims\jni.cpp, line 709]
Event: 10.325 Thread 0x000000001dc11800 Exception <a 'sun/nio/fs/WindowsException'> (0x0000000780cb7d88) thrown at [C:\re\workspace\8-2-build-windows-amd64-cygwin\jdk8u171\10807\hotspot\src\share\vm\prims\jni.cpp, line 709]
Event: 10.331 Thread 0x000000001dc11800 Exception <a 'sun/nio/fs/WindowsException'> (0x0000000780f3cd28) thrown at [C:\re\workspace\8-2-build-windows-amd64-cygwin\jdk8u171\10807\hotspot\src\share\vm\prims\jni.cpp, line 709]
Event: 10.338 Thread 0x000000001dc11800 Exception <a 'sun/nio/fs/WindowsException'> (0x00000007811bead8) thrown at [C:\re\workspace\8-2-build-windows-amd64-cygwin\jdk8u171\10807\hotspot\src\share\vm\prims\jni.cpp, line 709]
Event: 10.357 Thread 0x000000001dc11800 Exception <a 'sun/nio/fs/WindowsException'> (0x0000000781aadf40) thrown at [C:\re\workspace\8-2-build-windows-amd64-cygwin\jdk8u171\10807\hotspot\src\share\vm\prims\jni.cpp, line 709]
Event: 10.363 Thread 0x000000001dc11800 Exception <a 'sun/nio/fs/WindowsException'> (0x0000000781d859d0) thrown at [C:\re\workspace\8-2-build-windows-amd64-cygwin\jdk8u171\10807\hotspot\src\share\vm\prims\jni.cpp, line 709]
Event: 10.370 Thread 0x000000001dc11800 Exception <a 'sun/nio/fs/WindowsException'> (0x0000000782048268) thrown at [C:\re\workspace\8-2-build-windows-amd64-cygwin\jdk8u171\10807\hotspot\src\share\vm\prims\jni.cpp, line 709]

Events (10 events):
Event: 48.868 Thread 0x0000000063536800 Thread exited: 0x0000000063536800
Event: 48.937 Thread 0x0000000063539000 Thread added: 0x0000000063539000
Event: 48.937 Thread 0x000000001c9f7800 flushing nmethod 0x0000000002d02410
Event: 48.944 Executing VM operation: RevokeBias
Event: 48.945 Executing VM operation: RevokeBias done
Event: 48.945 Thread 0x0000000063539000 Thread exited: 0x0000000063539000
Event: 48.955 Thread 0x0000000063539000 Thread added: 0x0000000063539000
Event: 48.964 Executing VM operation: RevokeBias
Event: 48.965 Executing VM operation: RevokeBias done
Event: 48.965 Thread 0x0000000063539000 Thread exited: 0x0000000063539000


Dynamic libraries:
0x00007ff699a40000 - 0x00007ff699a77000 	D:\Program Files\Java\jdk1.8.0_171\bin\java.exe
0x00007ffc58630000 - 0x00007ffc58824000 	C:\WINDOWS\SYSTEM32\ntdll.dll
0x00007ffc566a0000 - 0x00007ffc5675d000 	C:\WINDOWS\System32\KERNEL32.DLL
0x00007ffc560f0000 - 0x00007ffc563b7000 	C:\WINDOWS\System32\KERNELBASE.dll
0x00007ffc57f40000 - 0x00007ffc57fea000 	C:\WINDOWS\System32\ADVAPI32.dll
0x00007ffc57d10000 - 0x00007ffc57dae000 	C:\WINDOWS\System32\msvcrt.dll
0x00007ffc57ea0000 - 0x00007ffc57f3b000 	C:\WINDOWS\System32\sechost.dll
0x00007ffc57ff0000 - 0x00007ffc58113000 	C:\WINDOWS\System32\RPCRT4.dll
0x00007ffc56c30000 - 0x00007ffc56dd0000 	C:\WINDOWS\System32\USER32.dll
0x00007ffc55d80000 - 0x00007ffc55da2000 	C:\WINDOWS\System32\win32u.dll
0x00007ffc57510000 - 0x00007ffc5753a000 	C:\WINDOWS\System32\GDI32.dll
0x00007ffc56540000 - 0x00007ffc56649000 	C:\WINDOWS\System32\gdi32full.dll
0x00007ffc56470000 - 0x00007ffc5650d000 	C:\WINDOWS\System32\msvcp_win.dll
0x00007ffc55e10000 - 0x00007ffc55f10000 	C:\WINDOWS\System32\ucrtbase.dll
0x00007ffc44d80000 - 0x00007ffc4501a000 	C:\WINDOWS\WinSxS\amd64_microsoft.windows.common-controls_6595b64144ccf1df_6.0.19041.1_none_b555e41d4684ddec\COMCTL32.dll
0x00007ffc581e0000 - 0x00007ffc58210000 	C:\WINDOWS\System32\IMM32.DLL
0x0000000055bd0000 - 0x0000000055ca2000 	D:\Program Files\Java\jdk1.8.0_171\jre\bin\msvcr100.dll
0x0000000055330000 - 0x0000000055bd0000 	D:\Program Files\Java\jdk1.8.0_171\jre\bin\server\jvm.dll
0x00007ffc585e0000 - 0x00007ffc585e8000 	C:\WINDOWS\System32\PSAPI.DLL
0x00007ffc50e40000 - 0x00007ffc50e67000 	C:\WINDOWS\SYSTEM32\WINMM.dll
0x00007ffc53650000 - 0x00007ffc53659000 	C:\WINDOWS\SYSTEM32\WSOCK32.dll
0x00007ffc4cb10000 - 0x00007ffc4cb1a000 	C:\WINDOWS\SYSTEM32\VERSION.dll
0x00007ffc57af0000 - 0x00007ffc57b5b000 	C:\WINDOWS\System32\WS2_32.dll
0x00000000560b0000 - 0x00000000560bf000 	D:\Program Files\Java\jdk1.8.0_171\jre\bin\verify.dll
0x0000000056080000 - 0x00000000560a9000 	D:\Program Files\Java\jdk1.8.0_171\jre\bin\java.dll
0x0000000055f00000 - 0x0000000055f23000 	D:\Program Files\Java\jdk1.8.0_171\jre\bin\instrument.dll
0x0000000055f70000 - 0x0000000055f86000 	D:\Program Files\Java\jdk1.8.0_171\jre\bin\zip.dll
0x00007ffc56dd0000 - 0x00007ffc57501000 	C:\WINDOWS\System32\SHELL32.dll
0x00007ffc53eb0000 - 0x00007ffc5463a000 	C:\WINDOWS\SYSTEM32\windows.storage.dll
0x00007ffc57660000 - 0x00007ffc579b4000 	C:\WINDOWS\System32\combase.dll
0x00007ffc55730000 - 0x00007ffc5575b000 	C:\WINDOWS\SYSTEM32\Wldp.dll
0x00007ffc58530000 - 0x00007ffc585de000 	C:\WINDOWS\System32\SHCORE.dll
0x00007ffc582b0000 - 0x00007ffc58305000 	C:\WINDOWS\System32\shlwapi.dll
0x00007ffc55cc0000 - 0x00007ffc55cdf000 	C:\WINDOWS\SYSTEM32\profapi.dll
0x00007ffc53600000 - 0x00007ffc5361a000 	E:\Program Files\JetBrains\IntelliJ IDEA Community Edition 2019.3.1\bin\breakgen64.dll
0x0000000055f50000 - 0x0000000055f6a000 	D:\Program Files\Java\jdk1.8.0_171\jre\bin\net.dll
0x00007ffc55520000 - 0x00007ffc5558a000 	C:\WINDOWS\system32\mswsock.dll
0x000000006d7c0000 - 0x000000006f385000 	C:\Users\LiZhanqi\.javacpp\cache\openblas-0.3.7-1.5.2-windows-x86_64.jar\org\bytedeco\openblas\windows-x86_64\libopenblas_nolapack.dll
0x0000000055f30000 - 0x0000000055f41000 	D:\Program Files\Java\jdk1.8.0_171\jre\bin\nio.dll
0x0000000071000000 - 0x0000000071061000 	C:\Users\LiZhanqi\.javacpp\cache\openblas-0.3.7-1.5.2-windows-x86_64.jar\org\bytedeco\openblas\windows-x86_64\jniopenblas_nolapack.dll
0x000000002ce00000 - 0x000000002e9c5000 	C:\Users\LiZhanqi\.javacpp\cache\openblas-0.3.7-1.5.2-windows-x86_64.jar\org\bytedeco\openblas\windows-x86_64\libopenblas.dll
0x0000000067800000 - 0x0000000068716000 	C:\Users\LiZhanqi\.javacpp\cache\openblas-0.3.7-1.5.2-windows-x86_64.jar\org\bytedeco\openblas\windows-x86_64\jniopenblas.dll
0x000000003d180000 - 0x000000003d183000 	C:\Users\LiZhanqi\.javacpp\cache\opencv-4.1.2-1.5.2-windows-x86_64.jar\org\bytedeco\opencv\windows-x86_64\api-ms-win-crt-locale-l1-1-0.dll
0x000000003d190000 - 0x000000003d194000 	C:\Users\LiZhanqi\.javacpp\cache\opencv-4.1.2-1.5.2-windows-x86_64.jar\org\bytedeco\opencv\windows-x86_64\api-ms-win-crt-string-l1-1-0.dll
0x000000003d1a0000 - 0x000000003d1a4000 	C:\Users\LiZhanqi\.javacpp\cache\opencv-4.1.2-1.5.2-windows-x86_64.jar\org\bytedeco\opencv\windows-x86_64\api-ms-win-crt-stdio-l1-1-0.dll
0x000000003d1b0000 - 0x000000003d1b5000 	C:\Users\LiZhanqi\.javacpp\cache\opencv-4.1.2-1.5.2-windows-x86_64.jar\org\bytedeco\opencv\windows-x86_64\api-ms-win-crt-math-l1-1-0.dll
0x000000003d1c0000 - 0x000000003d1c3000 	C:\Users\LiZhanqi\.javacpp\cache\opencv-4.1.2-1.5.2-windows-x86_64.jar\org\bytedeco\opencv\windows-x86_64\api-ms-win-crt-heap-l1-1-0.dll
0x000000003d1d0000 - 0x000000003d1d4000 	C:\Users\LiZhanqi\.javacpp\cache\opencv-4.1.2-1.5.2-windows-x86_64.jar\org\bytedeco\opencv\windows-x86_64\api-ms-win-crt-runtime-l1-1-0.dll
0x000000003d1e0000 - 0x000000003d1e4000 	C:\Users\LiZhanqi\.javacpp\cache\opencv-4.1.2-1.5.2-windows-x86_64.jar\org\bytedeco\opencv\windows-x86_64\api-ms-win-crt-convert-l1-1-0.dll
0x000000003d1f0000 - 0x000000003d1f3000 	C:\Users\LiZhanqi\.javacpp\cache\opencv-4.1.2-1.5.2-windows-x86_64.jar\org\bytedeco\opencv\windows-x86_64\api-ms-win-crt-environment-l1-1-0.dll
0x000000003d200000 - 0x000000003d203000 	C:\Users\LiZhanqi\.javacpp\cache\opencv-4.1.2-1.5.2-windows-x86_64.jar\org\bytedeco\opencv\windows-x86_64\api-ms-win-crt-time-l1-1-0.dll
0x000000003d210000 - 0x000000003d213000 	C:\Users\LiZhanqi\.javacpp\cache\opencv-4.1.2-1.5.2-windows-x86_64.jar\org\bytedeco\opencv\windows-x86_64\api-ms-win-crt-filesystem-l1-1-0.dll
0x000000003d220000 - 0x000000003d223000 	C:\Users\LiZhanqi\.javacpp\cache\opencv-4.1.2-1.5.2-windows-x86_64.jar\org\bytedeco\opencv\windows-x86_64\api-ms-win-crt-utility-l1-1-0.dll
0x000000003d230000 - 0x000000003d235000 	C:\Users\LiZhanqi\.javacpp\cache\opencv-4.1.2-1.5.2-windows-x86_64.jar\org\bytedeco\opencv\windows-x86_64\api-ms-win-crt-multibyte-l1-1-0.dll
0x000000003d240000 - 0x000000003d243000 	C:\Users\LiZhanqi\.javacpp\cache\opencv-4.1.2-1.5.2-windows-x86_64.jar\org\bytedeco\opencv\windows-x86_64\api-ms-win-core-string-l1-1-0.dll
0x000000003d250000 - 0x000000003d253000 	C:\Users\LiZhanqi\.javacpp\cache\opencv-4.1.2-1.5.2-windows-x86_64.jar\org\bytedeco\opencv\windows-x86_64\api-ms-win-core-errorhandling-l1-1-0.dll
0x000000003d260000 - 0x000000003d263000 	C:\Users\LiZhanqi\.javacpp\cache\opencv-4.1.2-1.5.2-windows-x86_64.jar\org\bytedeco\opencv\windows-x86_64\api-ms-win-core-timezone-l1-1-0.dll
0x000000003d270000 - 0x000000003d274000 	C:\Users\LiZhanqi\.javacpp\cache\opencv-4.1.2-1.5.2-windows-x86_64.jar\org\bytedeco\opencv\windows-x86_64\api-ms-win-core-file-l1-1-0.dll
0x000000003d280000 - 0x000000003d283000 	C:\Users\LiZhanqi\.javacpp\cache\opencv-4.1.2-1.5.2-windows-x86_64.jar\org\bytedeco\opencv\windows-x86_64\api-ms-win-core-namedpipe-l1-1-0.dll
0x000000003d290000 - 0x000000003d293000 	C:\Users\LiZhanqi\.javacpp\cache\opencv-4.1.2-1.5.2-windows-x86_64.jar\org\bytedeco\opencv\windows-x86_64\api-ms-win-core-handle-l1-1-0.dll
0x000000003d2a0000 - 0x000000003d2a3000 	C:\Users\LiZhanqi\.javacpp\cache\opencv-4.1.2-1.5.2-windows-x86_64.jar\org\bytedeco\opencv\windows-x86_64\api-ms-win-core-file-l2-1-0.dll
0x000000003d2b0000 - 0x000000003d2b3000 	C:\Users\LiZhanqi\.javacpp\cache\opencv-4.1.2-1.5.2-windows-x86_64.jar\org\bytedeco\opencv\windows-x86_64\api-ms-win-core-heap-l1-1-0.dll
0x000000003d2c0000 - 0x000000003d2c3000 	C:\Users\LiZhanqi\.javacpp\cache\opencv-4.1.2-1.5.2-windows-x86_64.jar\org\bytedeco\opencv\windows-x86_64\api-ms-win-core-libraryloader-l1-1-0.dll
0x000000003d2d0000 - 0x000000003d2d3000 	C:\Users\LiZhanqi\.javacpp\cache\opencv-4.1.2-1.5.2-windows-x86_64.jar\org\bytedeco\opencv\windows-x86_64\api-ms-win-core-synch-l1-1-0.dll
0x000000003d2e0000 - 0x000000003d2e3000 	C:\Users\LiZhanqi\.javacpp\cache\opencv-4.1.2-1.5.2-windows-x86_64.jar\org\bytedeco\opencv\windows-x86_64\api-ms-win-core-processthreads-l1-1-0.dll
0x000000003d2f0000 - 0x000000003d2f3000 	C:\Users\LiZhanqi\.javacpp\cache\opencv-4.1.2-1.5.2-windows-x86_64.jar\org\bytedeco\opencv\windows-x86_64\api-ms-win-core-processenvironment-l1-1-0.dll
0x000000003d300000 - 0x000000003d303000 	C:\Users\LiZhanqi\.javacpp\cache\opencv-4.1.2-1.5.2-windows-x86_64.jar\org\bytedeco\opencv\windows-x86_64\api-ms-win-core-datetime-l1-1-0.dll
0x000000003d310000 - 0x000000003d313000 	C:\Users\LiZhanqi\.javacpp\cache\opencv-4.1.2-1.5.2-windows-x86_64.jar\org\bytedeco\opencv\windows-x86_64\api-ms-win-core-localization-l1-2-0.dll
0x000000003d320000 - 0x000000003d323000 	C:\Users\LiZhanqi\.javacpp\cache\opencv-4.1.2-1.5.2-windows-x86_64.jar\org\bytedeco\opencv\windows-x86_64\api-ms-win-core-sysinfo-l1-1-0.dll
0x000000003d330000 - 0x000000003d333000 	C:\Users\LiZhanqi\.javacpp\cache\opencv-4.1.2-1.5.2-windows-x86_64.jar\org\bytedeco\opencv\windows-x86_64\api-ms-win-core-synch-l1-2-0.dll
0x000000003d340000 - 0x000000003d343000 	C:\Users\LiZhanqi\.javacpp\cache\opencv-4.1.2-1.5.2-windows-x86_64.jar\org\bytedeco\opencv\windows-x86_64\api-ms-win-core-console-l1-1-0.dll
0x000000003d350000 - 0x000000003d353000 	C:\Users\LiZhanqi\.javacpp\cache\opencv-4.1.2-1.5.2-windows-x86_64.jar\org\bytedeco\opencv\windows-x86_64\api-ms-win-core-debug-l1-1-0.dll
0x000000003d360000 - 0x000000003d363000 	C:\Users\LiZhanqi\.javacpp\cache\opencv-4.1.2-1.5.2-windows-x86_64.jar\org\bytedeco\opencv\windows-x86_64\api-ms-win-core-rtlsupport-l1-1-0.dll
0x000000003d370000 - 0x000000003d373000 	C:\Users\LiZhanqi\.javacpp\cache\opencv-4.1.2-1.5.2-windows-x86_64.jar\org\bytedeco\opencv\windows-x86_64\api-ms-win-core-processthreads-l1-1-1.dll
0x000000003d380000 - 0x000000003d383000 	C:\Users\LiZhanqi\.javacpp\cache\opencv-4.1.2-1.5.2-windows-x86_64.jar\org\bytedeco\opencv\windows-x86_64\api-ms-win-core-file-l1-2-0.dll
0x000000003d390000 - 0x000000003d393000 	C:\Users\LiZhanqi\.javacpp\cache\opencv-4.1.2-1.5.2-windows-x86_64.jar\org\bytedeco\opencv\windows-x86_64\api-ms-win-core-profile-l1-1-0.dll
0x000000003d3a0000 - 0x000000003d3a3000 	C:\Users\LiZhanqi\.javacpp\cache\opencv-4.1.2-1.5.2-windows-x86_64.jar\org\bytedeco\opencv\windows-x86_64\api-ms-win-core-memory-l1-1-0.dll
0x000000003d3b0000 - 0x000000003d3b3000 	C:\Users\LiZhanqi\.javacpp\cache\opencv-4.1.2-1.5.2-windows-x86_64.jar\org\bytedeco\opencv\windows-x86_64\api-ms-win-core-util-l1-1-0.dll
0x000000003d3c0000 - 0x000000003d3c3000 	C:\Users\LiZhanqi\.javacpp\cache\opencv-4.1.2-1.5.2-windows-x86_64.jar\org\bytedeco\opencv\windows-x86_64\api-ms-win-core-interlocked-l1-1-0.dll
0x00007ffc21af0000 - 0x00007ffc21bea000 	C:\Users\LiZhanqi\.javacpp\cache\opencv-4.1.2-1.5.2-windows-x86_64.jar\org\bytedeco\opencv\windows-x86_64\ucrtbase.dll
0x00007ffc4e170000 - 0x00007ffc4e187000 	C:\Users\LiZhanqi\.javacpp\cache\opencv-4.1.2-1.5.2-windows-x86_64.jar\org\bytedeco\opencv\windows-x86_64\vcruntime140.dll
0x00007ffc3e5d0000 - 0x00007ffc3e66d000 	C:\Users\LiZhanqi\.javacpp\cache\opencv-4.1.2-1.5.2-windows-x86_64.jar\org\bytedeco\opencv\windows-x86_64\msvcp140.dll
0x00007ffc48350000 - 0x00007ffc483a1000 	C:\Users\LiZhanqi\.javacpp\cache\opencv-4.1.2-1.5.2-windows-x86_64.jar\org\bytedeco\opencv\windows-x86_64\concrt140.dll
0x00007ffc4e020000 - 0x00007ffc4e04e000 	C:\Users\LiZhanqi\.javacpp\cache\opencv-4.1.2-1.5.2-windows-x86_64.jar\org\bytedeco\opencv\windows-x86_64\vcomp140.dll
0x00007ffc20850000 - 0x00007ffc20c45000 	C:\Users\LiZhanqi\.javacpp\cache\opencv-4.1.2-1.5.2-windows-x86_64.jar\org\bytedeco\opencv\windows-x86_64\opencv_core412.dll
0x00007ffc1f780000 - 0x00007ffc1fd80000 	C:\Users\LiZhanqi\.javacpp\cache\opencv-4.1.2-1.5.2-windows-x86_64.jar\org\bytedeco\opencv\windows-x86_64\opencv_imgproc412.dll
0x00007ffc1f300000 - 0x00007ffc1f616000 	C:\Users\LiZhanqi\.javacpp\cache\opencv-4.1.2-1.5.2-windows-x86_64.jar\org\bytedeco\opencv\windows-x86_64\jniopencv_core.dll
0x00007ffc1c230000 - 0x00007ffc1f06d000 	E:\IdeaProjects\ArcSoftFace\arcsoft-lib\libarcsoft_face.dll
0x00007ffc42780000 - 0x00007ffc4286f000 	C:\WINDOWS\SYSTEM32\MSVCR120.dll
0x00007ffc41d30000 - 0x00007ffc41dd6000 	C:\WINDOWS\SYSTEM32\MSVCP120.dll
0x00007ffc327e0000 - 0x00007ffc3285f000 	E:\IdeaProjects\ArcSoftFace\arcsoft-lib\libarcsoft_face_engine.dll
0x00007ffc56bd0000 - 0x00007ffc56c26000 	C:\WINDOWS\System32\WLDAP32.dll
0x00007ffc551e0000 - 0x00007ffc5521b000 	C:\WINDOWS\SYSTEM32\IPHLPAPI.DLL
0x00007ffc48320000 - 0x00007ffc48345000 	E:\IdeaProjects\ArcSoftFace\arcsoft-lib\libarcsoft_face_engine_jni.dll
0x00007ffc58440000 - 0x00007ffc58449000 	C:\WINDOWS\System32\NSI.dll
0x00007ffc4ed10000 - 0x00007ffc4ed2d000 	C:\WINDOWS\SYSTEM32\dhcpcsvc.DLL
0x00007ffc21990000 - 0x00007ffc21ae7000 	C:\Users\LiZhanqi\.javacpp\cache\ffmpeg-4.2.1-1.5.2-windows-x86_64.jar\org\bytedeco\ffmpeg\windows-x86_64\avutil-56.dll
0x00007ffc56510000 - 0x00007ffc56537000 	C:\WINDOWS\System32\bcrypt.dll
0x000000006fe00000 - 0x000000006feaa000 	C:\Users\LiZhanqi\.javacpp\cache\ffmpeg-4.2.1-1.5.2-windows-x86_64.jar\org\bytedeco\ffmpeg\windows-x86_64\jniavutil.dll
0x00007ffc45af0000 - 0x00007ffc45b17000 	C:\Users\LiZhanqi\.javacpp\cache\ffmpeg-4.2.1-1.5.2-windows-x86_64.jar\org\bytedeco\ffmpeg\windows-x86_64\swresample-3.dll
0x0000000070080000 - 0x00000000700ae000 	C:\Users\LiZhanqi\.javacpp\cache\ffmpeg-4.2.1-1.5.2-windows-x86_64.jar\org\bytedeco\ffmpeg\windows-x86_64\jniswresample.dll
0x00007ffc10e10000 - 0x00007ffc13fee000 	C:\Users\LiZhanqi\.javacpp\cache\ffmpeg-4.2.1-1.5.2-windows-x86_64.jar\org\bytedeco\ffmpeg\windows-x86_64\avcodec-58.dll
0x00007ffc58310000 - 0x00007ffc58439000 	C:\WINDOWS\System32\ole32.dll
0x000000006a1c0000 - 0x000000006a2a7000 	C:\Users\LiZhanqi\.javacpp\cache\ffmpeg-4.2.1-1.5.2-windows-x86_64.jar\org\bytedeco\ffmpeg\windows-x86_64\jniavcodec.dll
0x00007ffc1bce0000 - 0x00007ffc1c223000 	C:\Users\LiZhanqi\.javacpp\cache\ffmpeg-4.2.1-1.5.2-windows-x86_64.jar\org\bytedeco\ffmpeg\windows-x86_64\avformat-58.dll
0x00007ffc55f90000 - 0x00007ffc560ed000 	C:\WINDOWS\System32\CRYPT32.dll
0x000000006abc0000 - 0x000000006ac83000 	C:\Users\LiZhanqi\.javacpp\cache\ffmpeg-4.2.1-1.5.2-windows-x86_64.jar\org\bytedeco\ffmpeg\windows-x86_64\jniavformat.dll
0x00007ffc29a00000 - 0x00007ffc29a97000 	C:\Users\LiZhanqi\.javacpp\cache\ffmpeg-4.2.1-1.5.2-windows-x86_64.jar\org\bytedeco\ffmpeg\windows-x86_64\swscale-5.dll
0x0000000055290000 - 0x00000000552c3000 	C:\Users\LiZhanqi\.javacpp\cache\ffmpeg-4.2.1-1.5.2-windows-x86_64.jar\org\bytedeco\ffmpeg\windows-x86_64\jniswscale.dll
0x00007ffc45ac0000 - 0x00007ffc45aea000 	C:\Users\LiZhanqi\.javacpp\cache\ffmpeg-4.2.1-1.5.2-windows-x86_64.jar\org\bytedeco\ffmpeg\windows-x86_64\postproc-55.dll
0x000000006a0c0000 - 0x000000006a0ed000 	C:\Users\LiZhanqi\.javacpp\cache\ffmpeg-4.2.1-1.5.2-windows-x86_64.jar\org\bytedeco\ffmpeg\windows-x86_64\jnipostproc.dll
0x00007ffc1b8f0000 - 0x00007ffc1bcdf000 	C:\Users\LiZhanqi\.javacpp\cache\ffmpeg-4.2.1-1.5.2-windows-x86_64.jar\org\bytedeco\ffmpeg\windows-x86_64\avfilter-7.dll
0x0000000064400000 - 0x0000000064459000 	C:\Users\LiZhanqi\.javacpp\cache\ffmpeg-4.2.1-1.5.2-windows-x86_64.jar\org\bytedeco\ffmpeg\windows-x86_64\jniavfilter.dll
0x00007ffc44cb0000 - 0x00007ffc44cdc000 	C:\Users\LiZhanqi\.javacpp\cache\ffmpeg-4.2.1-1.5.2-windows-x86_64.jar\org\bytedeco\ffmpeg\windows-x86_64\avdevice-58.dll
0x00007ffc57db0000 - 0x00007ffc57e7d000 	C:\WINDOWS\System32\OLEAUT32.dll
0x00007ffc4e150000 - 0x00007ffc4e169000 	C:\WINDOWS\SYSTEM32\AVICAP32.dll
0x00007ffc441a0000 - 0x00007ffc441cb000 	C:\WINDOWS\SYSTEM32\MSVFW32.dll
0x00000000552f0000 - 0x0000000055323000 	C:\Users\LiZhanqi\.javacpp\cache\ffmpeg-4.2.1-1.5.2-windows-x86_64.jar\org\bytedeco\ffmpeg\windows-x86_64\jniavdevice.dll
0x00007ffc55230000 - 0x00007ffc552fa000 	C:\WINDOWS\SYSTEM32\DNSAPI.dll
0x00007ffc43ff0000 - 0x00007ffc43ffa000 	C:\Windows\System32\rasadhlp.dll
0x00007ffc46cb0000 - 0x00007ffc46d2f000 	C:\WINDOWS\System32\fwpuclnt.dll
0x0000000055ef0000 - 0x0000000055efc000 	D:\Program Files\Java\jdk1.8.0_171\jre\bin\jsound.dll
0x0000000055eb0000 - 0x0000000055ebb000 	D:\Program Files\Java\jdk1.8.0_171\jre\bin\jsoundds.dll
0x00007ffc29510000 - 0x00007ffc295ac000 	C:\WINDOWS\SYSTEM32\DSOUND.dll
0x00007ffc3e5a0000 - 0x00007ffc3e5c6000 	C:\WINDOWS\SYSTEM32\winmmbase.dll
0x00007ffc55350000 - 0x00007ffc5539b000 	C:\WINDOWS\SYSTEM32\powrprof.dll
0x00007ffc551c0000 - 0x00007ffc551d2000 	C:\WINDOWS\SYSTEM32\UMPDC.dll
0x00007ffc53cb0000 - 0x00007ffc53cc3000 	C:\WINDOWS\SYSTEM32\kernel.appcore.dll

VM Arguments:
jvm_args: -javaagent:E:\Program Files\JetBrains\IntelliJ IDEA Community Edition 2019.3.1\lib\idea_rt.jar=4030:E:\Program Files\JetBrains\IntelliJ IDEA Community Edition 2019.3.1\bin -Dfile.encoding=UTF-8 
java_command: com.lzq.faceserver.App
java_class_path (initial): D:\Program Files\Java\jdk1.8.0_171\jre\lib\charsets.jar;D:\Program Files\Java\jdk1.8.0_171\jre\lib\deploy.jar;D:\Program Files\Java\jdk1.8.0_171\jre\lib\ext\access-bridge-64.jar;D:\Program Files\Java\jdk1.8.0_171\jre\lib\ext\cldrdata.jar;D:\Program Files\Java\jdk1.8.0_171\jre\lib\ext\dnsns.jar;D:\Program Files\Java\jdk1.8.0_171\jre\lib\ext\jaccess.jar;D:\Program Files\Java\jdk1.8.0_171\jre\lib\ext\jfxrt.jar;D:\Program Files\Java\jdk1.8.0_171\jre\lib\ext\localedata.jar;D:\Program Files\Java\jdk1.8.0_171\jre\lib\ext\nashorn.jar;D:\Program Files\Java\jdk1.8.0_171\jre\lib\ext\sunec.jar;D:\Program Files\Java\jdk1.8.0_171\jre\lib\ext\sunjce_provider.jar;D:\Program Files\Java\jdk1.8.0_171\jre\lib\ext\sunmscapi.jar;D:\Program Files\Java\jdk1.8.0_171\jre\lib\ext\sunpkcs11.jar;D:\Program Files\Java\jdk1.8.0_171\jre\lib\ext\zipfs.jar;D:\Program Files\Java\jdk1.8.0_171\jre\lib\javaws.jar;D:\Program Files\Java\jdk1.8.0_171\jre\lib\jce.jar;D:\Program Files\Java\jdk1.8.0_171\jre\lib\jfr.jar;D:\Program Files\Java\jdk1.8.0_171\jre\lib\jfxswt.jar;D:\Program Files\Java\jdk1.8.0_171\jre\lib\jsse.jar;D:\Program Files\Java\jdk1.8.0_171\jre\lib\management-agent.jar;D:\Program Files\Java\jdk1.8.0_171\jre\lib\plugin.jar;D:\Program Files\Java\jdk1.8.0_171\jre\lib\resources.jar;D:\Program Files\Java\jdk1.8.0_171\jre\lib\rt.jar;E:\IdeaProjects\ArcSoftFace\target\classes;E:\IdeaProjects\ArcSoftFace\src\main\lib\jmf.jar;E:\IdeaProjects\ArcSoftFace\src\main\lib\arcsoft-sdk-face-3.0.0.0.jar;C:\Users\LiZhanqi\.m2\repository\org\bytedeco\javacv-platform\1.5.2\javacv-platform-1.5.2.jar;C:\Users\LiZhanqi\.m2\repository\org\bytedeco\javacv\1.5.2\javacv-1.5.2.jar;C:\Users\LiZhanqi\.m2\repository\org\bytedeco\javacpp\1.5.2\javacpp-1.5.2.jar;C:\Users\LiZhanqi\.m2\repository\org\bytedeco\openblas\0.3.7-1.5.2\openblas-0.3.7-1.5.2.jar;C:\Users\LiZhanqi\.m2\repository\org\bytedeco\opencv\4.1.2-1.5.2\opencv-4.1.2-1.5.2.jar;C:\Users\LiZhanqi\.m2\repository\org\bytedeco\ffmpeg\4.2.1-
Launcher Type: SUN_STANDARD

Environment Variables:
PATH=C:\ProgramData\Oracle\Java\javapath;C:\WINDOWS\system32;C:\WINDOWS;C:\WINDOWS\System32\Wbem;C:\WINDOWS\System32\WindowsPowerShell\v1.0\;C:\WINDOWS\System32\OpenSSH\;C:\Program Files\Git\cmd;C:\Android\android-studio\jre\bin;C:\Android\Sdk\platform-tools;%EXE4J_JAVA_HOME%;C:\Program Files\dotnet\;C:\Program Files\apache-maven-3.6.1;C:\Windows\System32;C:\Program Files\Microsoft SQL Server\130\Tools\Binn\;E:\software\android\Sdk;E:\software\android\Sdk;E:\software\android\flutter\bin;E:\software\android\Sdk\platform-tools;C:\Users\LiZhanqi\AppData\Local\Microsoft\WindowsApps;
USERNAME=LiZhanqi
OS=Windows_NT
PROCESSOR_IDENTIFIER=Intel64 Family 6 Model 60 Stepping 3, GenuineIntel



---------------  S Y S T E M  ---------------

OS: Windows 10.0 , 64 bit Build 19041 (10.0.19041.207)

CPU:total 8 (initial active 8) (4 cores per cpu, 2 threads per core) family 6 model 60 stepping 3, cmov, cx8, fxsr, mmx, sse, sse2, sse3, ssse3, sse4.1, sse4.2, popcnt, avx, avx2, aes, clmul, erms, lzcnt, ht, tsc, tscinvbit, bmi1, bmi2

Memory: 4k page, physical 12463116k(6530636k free), swap 14405932k(6278760k free)

vm_info: Java HotSpot(TM) 64-Bit Server VM (25.171-b11) for windows-amd64 JRE (1.8.0_171-b11), built on Mar 28 2018 16:06:12 by "java_re" with MS VC++ 10.0 (VS2010)

time: Sun May 31 12:40:05 2020
elapsed time: 49 seconds (0d 0h 0m 49s)

