#
# A fatal error has been detected by the Java Runtime Environment:
#
#  EXCEPTION_ACCESS_VIOLATION (0xc0000005) at pc=0x00007ffc1c23c7da, pid=10216, tid=0x0000000000001020
#
# JRE version: Java(TM) SE Runtime Environment (8.0_171-b11) (build 1.8.0_171-b11)
# Java VM: Java HotSpot(TM) 64-Bit Server VM (25.171-b11 mixed mode windows-amd64 compressed oops)
# Problematic frame:
# C  [libarcsoft_face.dll+0xc7da]
#
# Failed to write core dump. Minidumps are not enabled by default on client versions of Windows
#
# If you would like to submit a bug report, please visit:
#   http://bugreport.java.com/bugreport/crash.jsp
# The crash happened outside the Java Virtual Machine in native code.
# See problematic frame for where to report the bug.
#

---------------  T H R E A D  ---------------

Current thread (0x000000001dbaa000):  JavaThread "Thread-2" [_thread_in_native, id=4128, stack(0x000000005b5d0000,0x000000005b6d0000)]

siginfo: ExceptionCode=0xc0000005, reading address 0x0000002d823d1646

Registers:
RAX=0x0000002d103893f8, RBX=0x000000005b6ce980, RCX=0x0000002d10389604, RDX=0x0000000072048040
RSP=0x000000005b6ce820, RBP=0x0000000000000780, RSI=0x0000000000000040, RDI=0x0000000000000000
R8 =0x0000000000000000, R9 =0x0000000000000000, R10=0x0000000000000040, R11=0x0000000000000fc0
R12=0x0000000000000040, R13=0x00000000ffffffc0, R14=0x000000000000003f, R15=0x000000000000003f
RIP=0x00007ffc1c23c7da, EFLAGS=0x0000000000010212

Top of Stack: (sp=0x000000005b6ce820)
0x000000005b6ce820:   0000000000001482 0000000800000019
0x000000005b6ce830:   0000000000000002 000000005b6c2400
0x000000005b6ce840:   0000000000000190 0000000000000000
0x000000005b6ce850:   00000000403f8768 0000000000000001
0x000000005b6ce860:   0000000000002904 0000000000001482
0x000000005b6ce870:   0000000000000000 00000000403ee340
0x000000005b6ce880:   0000004000000438 0000000000000000
0x000000005b6ce890:   0000002d10388fe0 0000000072048040
0x000000005b6ce8a0:   000000003d5ce588 0000000000001482
0x000000005b6ce8b0:   00000000f80056d3 0000000000000000
0x000000005b6ce8c0:   00000000005eec00 0000000000000000
0x000000005b6ce8d0:   0000000701e72c00 0000000000000000
0x000000005b6ce8e0:   000000003f800000 0000000000000000
0x000000005b6ce8f0:   0000000000000040 000000005b6cea10
0x000000005b6ce900:   0000000000000040 0000000040466d80
0x000000005b6ce910:   0000000000000001 0000000000000040 

Instructions: (pc=0x00007ffc1c23c7da)
0x00007ffc1c23c7ba:   85 c0 0f 48 c1 3b c5 7c 03 8d 45 ff 48 8b 54 24
0x00007ffc1c23c7ca:   78 48 63 c8 48 8b 44 24 70 48 8d 04 48 48 03 c8
0x00007ffc1c23c7da:   0f b6 44 11 02 66 0f 6e d0 0f b6 44 11 01 66 0f
0x00007ffc1c23c7ea:   6e c0 0f b6 04 11 0f 5b d2 f3 0f 59 d5 66 0f 6e 


Register to memory mapping:

RAX=0x0000002d103893f8 is an unknown value
RBX=0x000000005b6ce980 is pointing into the stack for thread: 0x000000001dbaa000
RCX=0x0000002d10389604 is an unknown value
RDX=0x0000000072048040 is an unknown value
RSP=0x000000005b6ce820 is pointing into the stack for thread: 0x000000001dbaa000
RBP=0x0000000000000780 is an unknown value
RSI=0x0000000000000040 is an unknown value
RDI=0x0000000000000000 is an unknown value
R8 =0x0000000000000000 is an unknown value
R9 =0x0000000000000000 is an unknown value
R10=0x0000000000000040 is an unknown value
R11=0x0000000000000fc0 is an unknown value
R12=0x0000000000000040 is an unknown value
R13=0x00000000ffffffc0 is an unknown value
R14=0x000000000000003f is an unknown value
R15=0x000000000000003f is an unknown value


Stack: [0x000000005b5d0000,0x000000005b6d0000],  sp=0x000000005b6ce820,  free space=1018k
Native frames: (J=compiled Java code, j=interpreted, Vv=VM code, C=native code)
C  [libarcsoft_face.dll+0xc7da]
C  [libarcsoft_face.dll+0xbceb]
C  [libarcsoft_face.dll+0x8884]
C  [libarcsoft_face.dll+0x7d2a]
C  [libarcsoft_face.dll+0x3c88]
C  [libarcsoft_face_engine.dll+0x5541]
C  [libarcsoft_face_engine_jni.dll+0x18f6]
C  0x0000000002c18c67

Java frames: (J=compiled Java code, j=interpreted, Vv=VM code)
j  com.arcsoft.face.FaceEngine.detectFaces(J[BIIII[Lcom/arcsoft/face/FaceInfo;)I+0
j  com.arcsoft.face.FaceEngine.detectFaces([BIILcom/arcsoft/face/enums/ImageFormat;Lcom/arcsoft/face/enums/DetectModel;Ljava/util/List;)I+107
j  com.arcsoft.face.FaceEngine.detectFaces([BIILcom/arcsoft/face/enums/ImageFormat;Ljava/util/List;)I+11
j  com.lzq.faceserver.UIFace$2$1.onImage(Lorg/bytedeco/javacv/Frame;)V+65
j  com.lzq.faceserver.RTMP.startPlay()V+66
j  com.lzq.faceserver.UIFace$2.run()V+53
v  ~StubRoutines::call_stub

---------------  P R O C E S S  ---------------

Java Threads: ( => current thread )
  0x0000000064786800 JavaThread "pool-1-thread-1" [_thread_blocked, id=8948, stack(0x0000000069f20000,0x000000006a020000)]
  0x000000001e128800 JavaThread "pool-2-thread-1" [_thread_blocked, id=20468, stack(0x00000000601b0000,0x00000000602b0000)]
  0x000000001cc22800 JavaThread "AWT-EventQueue-0" [_thread_blocked, id=24824, stack(0x000000005f290000,0x000000005f390000)]
  0x000000001cda0000 JavaThread "AWT-Windows" daemon [_thread_in_native, id=14628, stack(0x000000005e8a0000,0x000000005e9a0000)]
  0x000000001cd9f800 JavaThread "AWT-Shutdown" [_thread_blocked, id=11084, stack(0x000000005e7a0000,0x000000005e8a0000)]
  0x000000001cd9e800 JavaThread "Java2D Disposer" daemon [_thread_blocked, id=14424, stack(0x000000005e6a0000,0x000000005e7a0000)]
  0x000000001cb26800 JavaThread "Java Sound Event Dispatcher" daemon [_thread_blocked, id=24872, stack(0x000000005de00000,0x000000005df00000)]
=>0x000000001dbaa000 JavaThread "Thread-2" [_thread_in_native, id=4128, stack(0x000000005b5d0000,0x000000005b6d0000)]
  0x000000000299b000 JavaThread "DestroyJavaVM" [_thread_blocked, id=1792, stack(0x0000000002890000,0x0000000002990000)]
  0x000000001dcb3800 JavaThread "Thread-1" [_thread_in_vm, id=8852, stack(0x000000005b3d0000,0x000000005b4d0000)]
  0x000000001ce79800 JavaThread "JavaCPP Deallocator" daemon [_thread_blocked, id=4248, stack(0x000000002cdf0000,0x000000002cef0000)]
  0x000000001cb77000 JavaThread "Service Thread" daemon [_thread_blocked, id=25052, stack(0x000000001d420000,0x000000001d520000)]
  0x000000001c9fd800 JavaThread "C1 CompilerThread3" daemon [_thread_blocked, id=26380, stack(0x000000001d320000,0x000000001d420000)]
  0x000000001cad5000 JavaThread "C2 CompilerThread2" daemon [_thread_blocked, id=26556, stack(0x000000001d220000,0x000000001d320000)]
  0x000000001cad4000 JavaThread "C2 CompilerThread1" daemon [_thread_blocked, id=3144, stack(0x000000001d120000,0x000000001d220000)]
  0x000000001c9fc800 JavaThread "C2 CompilerThread0" daemon [_thread_blocked, id=20860, stack(0x000000001d020000,0x000000001d120000)]
  0x000000001cacf000 JavaThread "Monitor Ctrl-Break" daemon [_thread_in_native, id=19816, stack(0x000000001cf20000,0x000000001d020000)]
  0x000000001bff2000 JavaThread "Attach Listener" daemon [_thread_blocked, id=23780, stack(0x000000001c610000,0x000000001c710000)]
  0x000000001c04b800 JavaThread "Signal Dispatcher" daemon [_thread_blocked, id=14440, stack(0x000000001c510000,0x000000001c610000)]
  0x000000001bfd0800 JavaThread "Finalizer" daemon [_thread_blocked, id=7872, stack(0x000000001c3b0000,0x000000001c4b0000)]
  0x000000001a0d0800 JavaThread "Reference Handler" daemon [_thread_blocked, id=7348, stack(0x000000001beb0000,0x000000001bfb0000)]

Other Threads:
  0x000000001a0c8000 VMThread [stack: 0x000000001bdb0000,0x000000001beb0000] [id=4944]
  0x000000001cbda000 WatcherThread [stack: 0x000000001d520000,0x000000001d620000] [id=9444]

VM state:not at safepoint (normal execution)

VM Mutex/Monitor currently owned by a thread: None

Heap:
 PSYoungGen      total 96768K, used 70907K [0x0000000780980000, 0x0000000786a00000, 0x00000007c0000000)
  eden space 94720K, 74% used [0x0000000780980000,0x0000000784ebecf0,0x0000000786600000)
  from space 2048K, 0% used [0x0000000786800000,0x0000000786800000,0x0000000786a00000)
  to   space 2048K, 0% used [0x0000000786600000,0x0000000786600000,0x0000000786800000)
 ParOldGen       total 132096K, used 43586K [0x0000000701c00000, 0x0000000709d00000, 0x0000000780980000)
  object space 132096K, 32% used [0x0000000701c00000,0x0000000704690bd0,0x0000000709d00000)
 Metaspace       used 17340K, capacity 17540K, committed 17792K, reserved 1064960K
  class space    used 1724K, capacity 1809K, committed 1920K, reserved 1048576K

Card table byte_map: [0x0000000011fc0000,0x00000000125c0000] byte_map_base: 0x000000000e7b2000

Marking Bits: (ParMarkBitMap*) 0x0000000055b508c0
 Begin Bits: [0x00000000131c0000, 0x0000000016150000)
 End Bits:   [0x0000000016150000, 0x00000000190e0000)

Polling page: 0x0000000000bb0000

CodeCache: size=245760Kb used=5658Kb max_used=6179Kb free=240101Kb
 bounds [0x0000000002c00000, 0x0000000003210000, 0x0000000011c00000]
 total_blobs=2220 nmethods=1207 adapters=925
 compilation: enabled

Compilation events (10 events):
Event: 11.612 Thread 0x000000001c9fd800 1349       1       java.awt.event.InputEvent::isConsumed (5 bytes)
Event: 11.613 Thread 0x000000001c9fd800 nmethod 1349 0x0000000002e31610 code [0x0000000002e31760, 0x0000000002e31870]
Event: 11.655 Thread 0x000000001c9fd800 1350       3       org.bytedeco.javacpp.Pointer::access$000 (4 bytes)
Event: 11.656 Thread 0x000000001c9fd800 nmethod 1350 0x0000000002f7e150 code [0x0000000002f7e2a0, 0x0000000002f7e3d0]
Event: 11.675 Thread 0x000000001c9fd800 1352       1       sun.java2d.SurfaceData::getSurfaceType (5 bytes)
Event: 11.675 Thread 0x000000001c9fd800 nmethod 1352 0x0000000002ed6b90 code [0x0000000002ed6ce0, 0x0000000002ed6df0]
Event: 11.747 Thread 0x000000001c9fd800 1353       1       sun.java2d.SurfaceData::getDefaultScale (2 bytes)
Event: 11.747 Thread 0x000000001c9fd800 nmethod 1353 0x0000000002d20990 code [0x0000000002d20ae0, 0x0000000002d20bf0]
Event: 11.752 Thread 0x000000001c9fd800 1354       1       sun.awt.image.VolatileSurfaceManager::getPrimarySurfaceData (5 bytes)
Event: 11.752 Thread 0x000000001c9fd800 nmethod 1354 0x0000000002d68350 code [0x0000000002d684a0, 0x0000000002d685b0]

GC Heap History (10 events):
Event: 9.829 GC heap before
{Heap before GC invocations=25 (full 0):
 PSYoungGen      total 60928K, used 60512K [0x0000000780980000, 0x0000000785500000, 0x00000007c0000000)
  eden space 60416K, 100% used [0x0000000780980000,0x0000000784480000,0x0000000784480000)
  from space 512K, 18% used [0x0000000785480000,0x0000000785498000,0x0000000785500000)
  to   space 2560K, 0% used [0x0000000785000000,0x0000000785000000,0x0000000785280000)
 ParOldGen       total 131072K, used 3812K [0x0000000701c00000, 0x0000000709c00000, 0x0000000780980000)
  object space 131072K, 2% used [0x0000000701c00000,0x0000000701fb92d0,0x0000000709c00000)
 Metaspace       used 17124K, capacity 17316K, committed 17408K, reserved 1064960K
  class space    used 1689K, capacity 1777K, committed 1792K, reserved 1048576K
Event: 9.830 GC heap after
Heap after GC invocations=25 (full 0):
 PSYoungGen      total 61440K, used 128K [0x0000000780980000, 0x0000000785500000, 0x00000007c0000000)
  eden space 58880K, 0% used [0x0000000780980000,0x0000000780980000,0x0000000784300000)
  from space 2560K, 5% used [0x0000000785000000,0x0000000785020000,0x0000000785280000)
  to   space 2560K, 0% used [0x0000000785280000,0x0000000785280000,0x0000000785500000)
 ParOldGen       total 131072K, used 3812K [0x0000000701c00000, 0x0000000709c00000, 0x0000000780980000)
  object space 131072K, 2% used [0x0000000701c00000,0x0000000701fb92d0,0x0000000709c00000)
 Metaspace       used 17124K, capacity 17316K, committed 17408K, reserved 1064960K
  class space    used 1689K, capacity 1777K, committed 1792K, reserved 1048576K
}
Event: 10.182 GC heap before
{Heap before GC invocations=26 (full 0):
 PSYoungGen      total 61440K, used 55799K [0x0000000780980000, 0x0000000785500000, 0x00000007c0000000)
  eden space 58880K, 94% used [0x0000000780980000,0x0000000783fddd88,0x0000000784300000)
  from space 2560K, 5% used [0x0000000785000000,0x0000000785020000,0x0000000785280000)
  to   space 2560K, 0% used [0x0000000785280000,0x0000000785280000,0x0000000785500000)
 ParOldGen       total 131072K, used 3812K [0x0000000701c00000, 0x0000000709c00000, 0x0000000780980000)
  object space 131072K, 2% used [0x0000000701c00000,0x0000000701fb92d0,0x0000000709c00000)
 Metaspace       used 17292K, capacity 17476K, committed 17792K, reserved 1064960K
  class space    used 1721K, capacity 1809K, committed 1920K, reserved 1048576K
Event: 10.199 GC heap after
Heap after GC invocations=26 (full 0):
 PSYoungGen      total 75264K, used 288K [0x0000000780980000, 0x0000000785880000, 0x00000007c0000000)
  eden space 72704K, 0% used [0x0000000780980000,0x0000000780980000,0x0000000785080000)
  from space 2560K, 11% used [0x0000000785280000,0x00000007852c8000,0x0000000785500000)
  to   space 2048K, 0% used [0x0000000785080000,0x0000000785080000,0x0000000785280000)
 ParOldGen       total 131072K, used 69528K [0x0000000701c00000, 0x0000000709c00000, 0x0000000780980000)
  object space 131072K, 53% used [0x0000000701c00000,0x0000000705fe6360,0x0000000709c00000)
 Metaspace       used 17292K, capacity 17476K, committed 17792K, reserved 1064960K
  class space    used 1721K, capacity 1809K, committed 1920K, reserved 1048576K
}
Event: 10.864 GC heap before
{Heap before GC invocations=27 (full 0):
 PSYoungGen      total 75264K, used 70025K [0x0000000780980000, 0x0000000785880000, 0x00000007c0000000)
  eden space 72704K, 95% used [0x0000000780980000,0x0000000784d9a428,0x0000000785080000)
  from space 2560K, 11% used [0x0000000785280000,0x00000007852c8000,0x0000000785500000)
  to   space 2048K, 0% used [0x0000000785080000,0x0000000785080000,0x0000000785280000)
 ParOldGen       total 131072K, used 69528K [0x0000000701c00000, 0x0000000709c00000, 0x0000000780980000)
  object space 131072K, 53% used [0x0000000701c00000,0x0000000705fe6360,0x0000000709c00000)
 Metaspace       used 17312K, capacity 17540K, committed 17792K, reserved 1064960K
  class space    used 1724K, capacity 1809K, committed 1920K, reserved 1048576K
Event: 10.865 GC heap after
Heap after GC invocations=27 (full 0):
 PSYoungGen      total 74752K, used 256K [0x0000000780980000, 0x0000000786a00000, 0x00000007c0000000)
  eden space 72704K, 0% used [0x0000000780980000,0x0000000780980000,0x0000000785080000)
  from space 2048K, 12% used [0x0000000785080000,0x00000007850c0000,0x0000000785280000)
  to   space 2048K, 0% used [0x0000000786800000,0x0000000786800000,0x0000000786a00000)
 ParOldGen       total 131072K, used 69584K [0x0000000701c00000, 0x0000000709c00000, 0x0000000780980000)
  object space 131072K, 53% used [0x0000000701c00000,0x0000000705ff4360,0x0000000709c00000)
 Metaspace       used 17312K, capacity 17540K, committed 17792K, reserved 1064960K
  class space    used 1724K, capacity 1809K, committed 1920K, reserved 1048576K
}
Event: 11.395 GC heap before
{Heap before GC invocations=28 (full 0):
 PSYoungGen      total 74752K, used 70535K [0x0000000780980000, 0x0000000786a00000, 0x00000007c0000000)
  eden space 72704K, 96% used [0x0000000780980000,0x0000000784e21eb0,0x0000000785080000)
  from space 2048K, 12% used [0x0000000785080000,0x00000007850c0000,0x0000000785280000)
  to   space 2048K, 0% used [0x0000000786800000,0x0000000786800000,0x0000000786a00000)
 ParOldGen       total 131072K, used 69584K [0x0000000701c00000, 0x0000000709c00000, 0x0000000780980000)
  object space 131072K, 53% used [0x0000000701c00000,0x0000000705ff4360,0x0000000709c00000)
 Metaspace       used 17338K, capacity 17540K, committed 17792K, reserved 1064960K
  class space    used 1724K, capacity 1809K, committed 1920K, reserved 1048576K
Event: 11.409 GC heap after
Heap after GC invocations=28 (full 0):
 PSYoungGen      total 96768K, used 288K [0x0000000780980000, 0x0000000786a00000, 0x00000007c0000000)
  eden space 94720K, 0% used [0x0000000780980000,0x0000000780980000,0x0000000786600000)
  from space 2048K, 14% used [0x0000000786800000,0x0000000786848000,0x0000000786a00000)
  to   space 2048K, 0% used [0x0000000786600000,0x0000000786600000,0x0000000786800000)
 ParOldGen       total 131072K, used 99999K [0x0000000701c00000, 0x0000000709c00000, 0x0000000780980000)
  object space 131072K, 76% used [0x0000000701c00000,0x0000000707da7fb0,0x0000000709c00000)
 Metaspace       used 17338K, capacity 17540K, committed 17792K, reserved 1064960K
  class space    used 1724K, capacity 1809K, committed 1920K, reserved 1048576K
}
Event: 11.409 GC heap before
{Heap before GC invocations=29 (full 1):
 PSYoungGen      total 96768K, used 288K [0x0000000780980000, 0x0000000786a00000, 0x00000007c0000000)
  eden space 94720K, 0% used [0x0000000780980000,0x0000000780980000,0x0000000786600000)
  from space 2048K, 14% used [0x0000000786800000,0x0000000786848000,0x0000000786a00000)
  to   space 2048K, 0% used [0x0000000786600000,0x0000000786600000,0x0000000786800000)
 ParOldGen       total 131072K, used 99999K [0x0000000701c00000, 0x0000000709c00000, 0x0000000780980000)
  object space 131072K, 76% used [0x0000000701c00000,0x0000000707da7fb0,0x0000000709c00000)
 Metaspace       used 17338K, capacity 17540K, committed 17792K, reserved 1064960K
  class space    used 1724K, capacity 1809K, committed 1920K, reserved 1048576K
Event: 11.439 GC heap after
Heap after GC invocations=29 (full 1):
 PSYoungGen      total 96768K, used 0K [0x0000000780980000, 0x0000000786a00000, 0x00000007c0000000)
  eden space 94720K, 0% used [0x0000000780980000,0x0000000780980000,0x0000000786600000)
  from space 2048K, 0% used [0x0000000786800000,0x0000000786800000,0x0000000786a00000)
  to   space 2048K, 0% used [0x0000000786600000,0x0000000786600000,0x0000000786800000)
 ParOldGen       total 132096K, used 43586K [0x0000000701c00000, 0x0000000709d00000, 0x0000000780980000)
  object space 132096K, 32% used [0x0000000701c00000,0x0000000704690bd0,0x0000000709d00000)
 Metaspace       used 17338K, capacity 17540K, committed 17792K, reserved 1064960K
  class space    used 1724K, capacity 1809K, committed 1920K, reserved 1048576K
}

Deoptimization events (10 events):
Event: 7.485 Thread 0x000000001dbaa000 Uncommon trap: reason=unstable_if action=reinterpret pc=0x0000000003094640 method=java.lang.ClassLoader.getBootstrapResource(Ljava/lang/String;)Ljava/net/URL; @ 11
Event: 7.487 Thread 0x000000001dbaa000 Uncommon trap: reason=unstable_if action=reinterpret pc=0x0000000002d824d8 method=java.lang.AbstractStringBuilder.append(Ljava/lang/String;)Ljava/lang/AbstractStringBuilder; @ 1
Event: 7.488 Thread 0x000000001dbaa000 Uncommon trap: reason=unstable_if action=reinterpret pc=0x0000000002daf350 method=java.lang.AbstractStringBuilder.append(Ljava/lang/String;)Ljava/lang/AbstractStringBuilder; @ 1
Event: 7.491 Thread 0x000000001dbaa000 Uncommon trap: reason=unstable_if action=reinterpret pc=0x0000000002e8cf68 method=java.util.HashMap.hash(Ljava/lang/Object;)I @ 1
Event: 7.491 Thread 0x000000001dbaa000 Uncommon trap: reason=unstable_if action=reinterpret pc=0x0000000003077234 method=java.util.HashMap.hash(Ljava/lang/Object;)I @ 1
Event: 7.492 Thread 0x000000001dbaa000 Uncommon trap: reason=unstable_if action=reinterpret pc=0x0000000002f82d28 method=java.util.HashMap.hash(Ljava/lang/Object;)I @ 1
Event: 7.501 Thread 0x000000001cda0000 Uncommon trap: reason=bimorphic action=maybe_recompile pc=0x0000000003059174 method=java.util.HashMap.putVal(ILjava/lang/Object;Ljava/lang/Object;ZZ)Ljava/lang/Object; @ 203
Event: 7.501 Thread 0x000000001cda0000 Uncommon trap: reason=bimorphic action=maybe_recompile pc=0x0000000003059174 method=java.util.HashMap.putVal(ILjava/lang/Object;Ljava/lang/Object;ZZ)Ljava/lang/Object; @ 203
Event: 7.501 Thread 0x000000001cda0000 Uncommon trap: reason=bimorphic action=maybe_recompile pc=0x0000000003059174 method=java.util.HashMap.putVal(ILjava/lang/Object;Ljava/lang/Object;ZZ)Ljava/lang/Object; @ 203
Event: 10.171 Thread 0x000000001dbaa000 Uncommon trap: reason=unstable_if action=reinterpret pc=0x00000000031e66c4 method=org.bytedeco.javacv.Java2DFrameConverter.flipCopyWithGamma(Ljava/nio/ByteBuffer;IILjava/nio/ByteBuffer;IIZDZI)V @ 46

Classes redefined (0 events):
No events

Internal exceptions (10 events):
Event: 9.766 Thread 0x000000001dbaa000 Exception <a 'sun/nio/fs/WindowsException'> (0x000000078287c9f0) thrown at [C:\re\workspace\8-2-build-windows-amd64-cygwin\jdk8u171\10807\hotspot\src\share\vm\prims\jni.cpp, line 709]
Event: 9.772 Thread 0x000000001dbaa000 Exception <a 'sun/nio/fs/WindowsException'> (0x0000000782c0c198) thrown at [C:\re\workspace\8-2-build-windows-amd64-cygwin\jdk8u171\10807\hotspot\src\share\vm\prims\jni.cpp, line 709]
Event: 9.778 Thread 0x000000001dbaa000 Exception <a 'sun/nio/fs/WindowsException'> (0x0000000782e8dcd0) thrown at [C:\re\workspace\8-2-build-windows-amd64-cygwin\jdk8u171\10807\hotspot\src\share\vm\prims\jni.cpp, line 709]
Event: 9.784 Thread 0x000000001dbaa000 Exception <a 'sun/nio/fs/WindowsException'> (0x0000000783137820) thrown at [C:\re\workspace\8-2-build-windows-amd64-cygwin\jdk8u171\10807\hotspot\src\share\vm\prims\jni.cpp, line 709]
Event: 9.790 Thread 0x000000001dbaa000 Exception <a 'sun/nio/fs/WindowsException'> (0x00000007833b9390) thrown at [C:\re\workspace\8-2-build-windows-amd64-cygwin\jdk8u171\10807\hotspot\src\share\vm\prims\jni.cpp, line 709]
Event: 9.800 Thread 0x000000001dbaa000 Exception <a 'sun/nio/fs/WindowsException'> (0x000000078363e350) thrown at [C:\re\workspace\8-2-build-windows-amd64-cygwin\jdk8u171\10807\hotspot\src\share\vm\prims\jni.cpp, line 709]
Event: 9.806 Thread 0x000000001dbaa000 Exception <a 'sun/nio/fs/WindowsException'> (0x00000007838c0170) thrown at [C:\re\workspace\8-2-build-windows-amd64-cygwin\jdk8u171\10807\hotspot\src\share\vm\prims\jni.cpp, line 709]
Event: 9.824 Thread 0x000000001dbaa000 Exception <a 'sun/nio/fs/WindowsException'> (0x00000007841af390) thrown at [C:\re\workspace\8-2-build-windows-amd64-cygwin\jdk8u171\10807\hotspot\src\share\vm\prims\jni.cpp, line 709]
Event: 9.832 Thread 0x000000001dbaa000 Exception <a 'sun/nio/fs/WindowsException'> (0x0000000780986d18) thrown at [C:\re\workspace\8-2-build-windows-amd64-cygwin\jdk8u171\10807\hotspot\src\share\vm\prims\jni.cpp, line 709]
Event: 9.838 Thread 0x000000001dbaa000 Exception <a 'sun/nio/fs/WindowsException'> (0x0000000780c49598) thrown at [C:\re\workspace\8-2-build-windows-amd64-cygwin\jdk8u171\10807\hotspot\src\share\vm\prims\jni.cpp, line 709]

Events (10 events):
Event: 11.677 Executing VM operation: RevokeBias done
Event: 11.677 Thread 0x0000000064782800 Thread exited: 0x0000000064782800
Event: 11.743 Thread 0x0000000064787000 Thread added: 0x0000000064787000
Event: 11.748 Executing VM operation: RevokeBias
Event: 11.748 Executing VM operation: RevokeBias done
Event: 11.748 Thread 0x0000000064787000 Thread exited: 0x0000000064787000
Event: 11.753 Thread 0x0000000064780000 Thread added: 0x0000000064780000
Event: 11.761 Executing VM operation: RevokeBias
Event: 11.764 Executing VM operation: RevokeBias done
Event: 11.764 Thread 0x0000000064780000 Thread exited: 0x0000000064780000


Dynamic libraries:
0x00007ff699a40000 - 0x00007ff699a77000 	D:\Program Files\Java\jdk1.8.0_171\bin\java.exe
0x00007ffc58630000 - 0x00007ffc58824000 	C:\WINDOWS\SYSTEM32\ntdll.dll
0x00007ffc566a0000 - 0x00007ffc5675d000 	C:\WINDOWS\System32\KERNEL32.DLL
0x00007ffc560f0000 - 0x00007ffc563b7000 	C:\WINDOWS\System32\KERNELBASE.dll
0x00007ffc57f40000 - 0x00007ffc57fea000 	C:\WINDOWS\System32\ADVAPI32.dll
0x00007ffc57d10000 - 0x00007ffc57dae000 	C:\WINDOWS\System32\msvcrt.dll
0x00007ffc57ea0000 - 0x00007ffc57f3b000 	C:\WINDOWS\System32\sechost.dll
0x00007ffc57ff0000 - 0x00007ffc58113000 	C:\WINDOWS\System32\RPCRT4.dll
0x00007ffc56c30000 - 0x00007ffc56dd0000 	C:\WINDOWS\System32\USER32.dll
0x00007ffc55d80000 - 0x00007ffc55da2000 	C:\WINDOWS\System32\win32u.dll
0x00007ffc57510000 - 0x00007ffc5753a000 	C:\WINDOWS\System32\GDI32.dll
0x00007ffc56540000 - 0x00007ffc56649000 	C:\WINDOWS\System32\gdi32full.dll
0x00007ffc56470000 - 0x00007ffc5650d000 	C:\WINDOWS\System32\msvcp_win.dll
0x00007ffc55e10000 - 0x00007ffc55f10000 	C:\WINDOWS\System32\ucrtbase.dll
0x00007ffc44d80000 - 0x00007ffc4501a000 	C:\WINDOWS\WinSxS\amd64_microsoft.windows.common-controls_6595b64144ccf1df_6.0.19041.1_none_b555e41d4684ddec\COMCTL32.dll
0x00007ffc581e0000 - 0x00007ffc58210000 	C:\WINDOWS\System32\IMM32.DLL
0x0000000055bd0000 - 0x0000000055ca2000 	D:\Program Files\Java\jdk1.8.0_171\jre\bin\msvcr100.dll
0x0000000055330000 - 0x0000000055bd0000 	D:\Program Files\Java\jdk1.8.0_171\jre\bin\server\jvm.dll
0x00007ffc585e0000 - 0x00007ffc585e8000 	C:\WINDOWS\System32\PSAPI.DLL
0x00007ffc4cb10000 - 0x00007ffc4cb1a000 	C:\WINDOWS\SYSTEM32\VERSION.dll
0x00007ffc50e40000 - 0x00007ffc50e67000 	C:\WINDOWS\SYSTEM32\WINMM.dll
0x00007ffc53650000 - 0x00007ffc53659000 	C:\WINDOWS\SYSTEM32\WSOCK32.dll
0x00007ffc57af0000 - 0x00007ffc57b5b000 	C:\WINDOWS\System32\WS2_32.dll
0x00000000560b0000 - 0x00000000560bf000 	D:\Program Files\Java\jdk1.8.0_171\jre\bin\verify.dll
0x0000000056080000 - 0x00000000560a9000 	D:\Program Files\Java\jdk1.8.0_171\jre\bin\java.dll
0x0000000055f00000 - 0x0000000055f23000 	D:\Program Files\Java\jdk1.8.0_171\jre\bin\instrument.dll
0x0000000055f70000 - 0x0000000055f86000 	D:\Program Files\Java\jdk1.8.0_171\jre\bin\zip.dll
0x00007ffc56dd0000 - 0x00007ffc57501000 	C:\WINDOWS\System32\SHELL32.dll
0x00007ffc53eb0000 - 0x00007ffc5463a000 	C:\WINDOWS\SYSTEM32\windows.storage.dll
0x00007ffc57660000 - 0x00007ffc579b4000 	C:\WINDOWS\System32\combase.dll
0x00007ffc55730000 - 0x00007ffc5575b000 	C:\WINDOWS\SYSTEM32\Wldp.dll
0x00007ffc58530000 - 0x00007ffc585de000 	C:\WINDOWS\System32\SHCORE.dll
0x00007ffc582b0000 - 0x00007ffc58305000 	C:\WINDOWS\System32\shlwapi.dll
0x00007ffc55cc0000 - 0x00007ffc55cdf000 	C:\WINDOWS\SYSTEM32\profapi.dll
0x00007ffc53600000 - 0x00007ffc5361a000 	E:\Program Files\JetBrains\IntelliJ IDEA Community Edition 2019.3.1\bin\breakgen64.dll
0x0000000055f50000 - 0x0000000055f6a000 	D:\Program Files\Java\jdk1.8.0_171\jre\bin\net.dll
0x00007ffc55520000 - 0x00007ffc5558a000 	C:\WINDOWS\system32\mswsock.dll
0x000000006d7c0000 - 0x000000006f385000 	C:\Users\LiZhanqi\.javacpp\cache\openblas-0.3.7-1.5.2-windows-x86_64.jar\org\bytedeco\openblas\windows-x86_64\libopenblas_nolapack.dll
0x0000000055f30000 - 0x0000000055f41000 	D:\Program Files\Java\jdk1.8.0_171\jre\bin\nio.dll
0x0000000071000000 - 0x0000000071061000 	C:\Users\LiZhanqi\.javacpp\cache\openblas-0.3.7-1.5.2-windows-x86_64.jar\org\bytedeco\openblas\windows-x86_64\jniopenblas_nolapack.dll
0x000000002cef0000 - 0x000000002eab5000 	C:\Users\LiZhanqi\.javacpp\cache\openblas-0.3.7-1.5.2-windows-x86_64.jar\org\bytedeco\openblas\windows-x86_64\libopenblas.dll
0x0000000067800000 - 0x0000000068716000 	C:\Users\LiZhanqi\.javacpp\cache\openblas-0.3.7-1.5.2-windows-x86_64.jar\org\bytedeco\openblas\windows-x86_64\jniopenblas.dll
0x000000003d270000 - 0x000000003d273000 	C:\Users\LiZhanqi\.javacpp\cache\opencv-4.1.2-1.5.2-windows-x86_64.jar\org\bytedeco\opencv\windows-x86_64\api-ms-win-crt-locale-l1-1-0.dll
0x000000003d280000 - 0x000000003d284000 	C:\Users\LiZhanqi\.javacpp\cache\opencv-4.1.2-1.5.2-windows-x86_64.jar\org\bytedeco\opencv\windows-x86_64\api-ms-win-crt-string-l1-1-0.dll
0x000000003d290000 - 0x000000003d294000 	C:\Users\LiZhanqi\.javacpp\cache\opencv-4.1.2-1.5.2-windows-x86_64.jar\org\bytedeco\opencv\windows-x86_64\api-ms-win-crt-stdio-l1-1-0.dll
0x000000003d2a0000 - 0x000000003d2a5000 	C:\Users\LiZhanqi\.javacpp\cache\opencv-4.1.2-1.5.2-windows-x86_64.jar\org\bytedeco\opencv\windows-x86_64\api-ms-win-crt-math-l1-1-0.dll
0x000000003d2b0000 - 0x000000003d2b3000 	C:\Users\LiZhanqi\.javacpp\cache\opencv-4.1.2-1.5.2-windows-x86_64.jar\org\bytedeco\opencv\windows-x86_64\api-ms-win-crt-heap-l1-1-0.dll
0x000000003d2c0000 - 0x000000003d2c4000 	C:\Users\LiZhanqi\.javacpp\cache\opencv-4.1.2-1.5.2-windows-x86_64.jar\org\bytedeco\opencv\windows-x86_64\api-ms-win-crt-runtime-l1-1-0.dll
0x000000003d2d0000 - 0x000000003d2d4000 	C:\Users\LiZhanqi\.javacpp\cache\opencv-4.1.2-1.5.2-windows-x86_64.jar\org\bytedeco\opencv\windows-x86_64\api-ms-win-crt-convert-l1-1-0.dll
0x000000003d2e0000 - 0x000000003d2e3000 	C:\Users\LiZhanqi\.javacpp\cache\opencv-4.1.2-1.5.2-windows-x86_64.jar\org\bytedeco\opencv\windows-x86_64\api-ms-win-crt-environment-l1-1-0.dll
0x000000003d2f0000 - 0x000000003d2f3000 	C:\Users\LiZhanqi\.javacpp\cache\opencv-4.1.2-1.5.2-windows-x86_64.jar\org\bytedeco\opencv\windows-x86_64\api-ms-win-crt-time-l1-1-0.dll
0x000000003d300000 - 0x000000003d303000 	C:\Users\LiZhanqi\.javacpp\cache\opencv-4.1.2-1.5.2-windows-x86_64.jar\org\bytedeco\opencv\windows-x86_64\api-ms-win-crt-filesystem-l1-1-0.dll
0x000000003d310000 - 0x000000003d313000 	C:\Users\LiZhanqi\.javacpp\cache\opencv-4.1.2-1.5.2-windows-x86_64.jar\org\bytedeco\opencv\windows-x86_64\api-ms-win-crt-utility-l1-1-0.dll
0x000000003d320000 - 0x000000003d325000 	C:\Users\LiZhanqi\.javacpp\cache\opencv-4.1.2-1.5.2-windows-x86_64.jar\org\bytedeco\opencv\windows-x86_64\api-ms-win-crt-multibyte-l1-1-0.dll
0x000000003d330000 - 0x000000003d333000 	C:\Users\LiZhanqi\.javacpp\cache\opencv-4.1.2-1.5.2-windows-x86_64.jar\org\bytedeco\opencv\windows-x86_64\api-ms-win-core-string-l1-1-0.dll
0x000000003d340000 - 0x000000003d343000 	C:\Users\LiZhanqi\.javacpp\cache\opencv-4.1.2-1.5.2-windows-x86_64.jar\org\bytedeco\opencv\windows-x86_64\api-ms-win-core-errorhandling-l1-1-0.dll
0x000000003d350000 - 0x000000003d353000 	C:\Users\LiZhanqi\.javacpp\cache\opencv-4.1.2-1.5.2-windows-x86_64.jar\org\bytedeco\opencv\windows-x86_64\api-ms-win-core-timezone-l1-1-0.dll
0x000000003d360000 - 0x000000003d364000 	C:\Users\LiZhanqi\.javacpp\cache\opencv-4.1.2-1.5.2-windows-x86_64.jar\org\bytedeco\opencv\windows-x86_64\api-ms-win-core-file-l1-1-0.dll
0x000000003d370000 - 0x000000003d373000 	C:\Users\LiZhanqi\.javacpp\cache\opencv-4.1.2-1.5.2-windows-x86_64.jar\org\bytedeco\opencv\windows-x86_64\api-ms-win-core-namedpipe-l1-1-0.dll
0x000000003d380000 - 0x000000003d383000 	C:\Users\LiZhanqi\.javacpp\cache\opencv-4.1.2-1.5.2-windows-x86_64.jar\org\bytedeco\opencv\windows-x86_64\api-ms-win-core-handle-l1-1-0.dll
0x000000003d390000 - 0x000000003d393000 	C:\Users\LiZhanqi\.javacpp\cache\opencv-4.1.2-1.5.2-windows-x86_64.jar\org\bytedeco\opencv\windows-x86_64\api-ms-win-core-file-l2-1-0.dll
0x000000003d3a0000 - 0x000000003d3a3000 	C:\Users\LiZhanqi\.javacpp\cache\opencv-4.1.2-1.5.2-windows-x86_64.jar\org\bytedeco\opencv\windows-x86_64\api-ms-win-core-heap-l1-1-0.dll
0x000000003d3b0000 - 0x000000003d3b3000 	C:\Users\LiZhanqi\.javacpp\cache\opencv-4.1.2-1.5.2-windows-x86_64.jar\org\bytedeco\opencv\windows-x86_64\api-ms-win-core-libraryloader-l1-1-0.dll
0x000000003d3c0000 - 0x000000003d3c3000 	C:\Users\LiZhanqi\.javacpp\cache\opencv-4.1.2-1.5.2-windows-x86_64.jar\org\bytedeco\opencv\windows-x86_64\api-ms-win-core-synch-l1-1-0.dll
0x000000003d3d0000 - 0x000000003d3d3000 	C:\Users\LiZhanqi\.javacpp\cache\opencv-4.1.2-1.5.2-windows-x86_64.jar\org\bytedeco\opencv\windows-x86_64\api-ms-win-core-processthreads-l1-1-0.dll
0x000000003d3e0000 - 0x000000003d3e3000 	C:\Users\LiZhanqi\.javacpp\cache\opencv-4.1.2-1.5.2-windows-x86_64.jar\org\bytedeco\opencv\windows-x86_64\api-ms-win-core-processenvironment-l1-1-0.dll
0x000000003d3f0000 - 0x000000003d3f3000 	C:\Users\LiZhanqi\.javacpp\cache\opencv-4.1.2-1.5.2-windows-x86_64.jar\org\bytedeco\opencv\windows-x86_64\api-ms-win-core-datetime-l1-1-0.dll
0x000000003d400000 - 0x000000003d403000 	C:\Users\LiZhanqi\.javacpp\cache\opencv-4.1.2-1.5.2-windows-x86_64.jar\org\bytedeco\opencv\windows-x86_64\api-ms-win-core-localization-l1-2-0.dll
0x000000003d410000 - 0x000000003d413000 	C:\Users\LiZhanqi\.javacpp\cache\opencv-4.1.2-1.5.2-windows-x86_64.jar\org\bytedeco\opencv\windows-x86_64\api-ms-win-core-sysinfo-l1-1-0.dll
0x000000003d420000 - 0x000000003d423000 	C:\Users\LiZhanqi\.javacpp\cache\opencv-4.1.2-1.5.2-windows-x86_64.jar\org\bytedeco\opencv\windows-x86_64\api-ms-win-core-synch-l1-2-0.dll
0x000000003d430000 - 0x000000003d433000 	C:\Users\LiZhanqi\.javacpp\cache\opencv-4.1.2-1.5.2-windows-x86_64.jar\org\bytedeco\opencv\windows-x86_64\api-ms-win-core-console-l1-1-0.dll
0x000000003d440000 - 0x000000003d443000 	C:\Users\LiZhanqi\.javacpp\cache\opencv-4.1.2-1.5.2-windows-x86_64.jar\org\bytedeco\opencv\windows-x86_64\api-ms-win-core-debug-l1-1-0.dll
0x000000003d450000 - 0x000000003d453000 	C:\Users\LiZhanqi\.javacpp\cache\opencv-4.1.2-1.5.2-windows-x86_64.jar\org\bytedeco\opencv\windows-x86_64\api-ms-win-core-rtlsupport-l1-1-0.dll
0x000000003d460000 - 0x000000003d463000 	C:\Users\LiZhanqi\.javacpp\cache\opencv-4.1.2-1.5.2-windows-x86_64.jar\org\bytedeco\opencv\windows-x86_64\api-ms-win-core-processthreads-l1-1-1.dll
0x000000003d470000 - 0x000000003d473000 	C:\Users\LiZhanqi\.javacpp\cache\opencv-4.1.2-1.5.2-windows-x86_64.jar\org\bytedeco\opencv\windows-x86_64\api-ms-win-core-file-l1-2-0.dll
0x000000003d480000 - 0x000000003d483000 	C:\Users\LiZhanqi\.javacpp\cache\opencv-4.1.2-1.5.2-windows-x86_64.jar\org\bytedeco\opencv\windows-x86_64\api-ms-win-core-profile-l1-1-0.dll
0x000000003d490000 - 0x000000003d493000 	C:\Users\LiZhanqi\.javacpp\cache\opencv-4.1.2-1.5.2-windows-x86_64.jar\org\bytedeco\opencv\windows-x86_64\api-ms-win-core-memory-l1-1-0.dll
0x000000003d4a0000 - 0x000000003d4a3000 	C:\Users\LiZhanqi\.javacpp\cache\opencv-4.1.2-1.5.2-windows-x86_64.jar\org\bytedeco\opencv\windows-x86_64\api-ms-win-core-util-l1-1-0.dll
0x000000003d4b0000 - 0x000000003d4b3000 	C:\Users\LiZhanqi\.javacpp\cache\opencv-4.1.2-1.5.2-windows-x86_64.jar\org\bytedeco\opencv\windows-x86_64\api-ms-win-core-interlocked-l1-1-0.dll
0x00007ffc20b50000 - 0x00007ffc20c4a000 	C:\Users\LiZhanqi\.javacpp\cache\opencv-4.1.2-1.5.2-windows-x86_64.jar\org\bytedeco\opencv\windows-x86_64\ucrtbase.dll
0x00007ffc4e170000 - 0x00007ffc4e187000 	C:\Users\LiZhanqi\.javacpp\cache\opencv-4.1.2-1.5.2-windows-x86_64.jar\org\bytedeco\opencv\windows-x86_64\vcruntime140.dll
0x00007ffc3e5d0000 - 0x00007ffc3e66d000 	C:\Users\LiZhanqi\.javacpp\cache\opencv-4.1.2-1.5.2-windows-x86_64.jar\org\bytedeco\opencv\windows-x86_64\msvcp140.dll
0x00007ffc48350000 - 0x00007ffc483a1000 	C:\Users\LiZhanqi\.javacpp\cache\opencv-4.1.2-1.5.2-windows-x86_64.jar\org\bytedeco\opencv\windows-x86_64\concrt140.dll
0x00007ffc4e020000 - 0x00007ffc4e04e000 	C:\Users\LiZhanqi\.javacpp\cache\opencv-4.1.2-1.5.2-windows-x86_64.jar\org\bytedeco\opencv\windows-x86_64\vcomp140.dll
0x00007ffc20750000 - 0x00007ffc20b45000 	C:\Users\LiZhanqi\.javacpp\cache\opencv-4.1.2-1.5.2-windows-x86_64.jar\org\bytedeco\opencv\windows-x86_64\opencv_core412.dll
0x00007ffc1f780000 - 0x00007ffc1fd80000 	C:\Users\LiZhanqi\.javacpp\cache\opencv-4.1.2-1.5.2-windows-x86_64.jar\org\bytedeco\opencv\windows-x86_64\opencv_imgproc412.dll
0x00007ffc1f300000 - 0x00007ffc1f616000 	C:\Users\LiZhanqi\.javacpp\cache\opencv-4.1.2-1.5.2-windows-x86_64.jar\org\bytedeco\opencv\windows-x86_64\jniopencv_core.dll
0x00007ffc1c230000 - 0x00007ffc1f06d000 	E:\IdeaProjects\ArcSoftFace\arcsoft-lib\libarcsoft_face.dll
0x00007ffc41d30000 - 0x00007ffc41dd6000 	C:\WINDOWS\SYSTEM32\MSVCP120.dll
0x00007ffc42780000 - 0x00007ffc4286f000 	C:\WINDOWS\SYSTEM32\MSVCR120.dll
0x00007ffc327e0000 - 0x00007ffc3285f000 	E:\IdeaProjects\ArcSoftFace\arcsoft-lib\libarcsoft_face_engine.dll
0x00007ffc56bd0000 - 0x00007ffc56c26000 	C:\WINDOWS\System32\WLDAP32.dll
0x00007ffc551e0000 - 0x00007ffc5521b000 	C:\WINDOWS\SYSTEM32\IPHLPAPI.DLL
0x00007ffc48320000 - 0x00007ffc48345000 	E:\IdeaProjects\ArcSoftFace\arcsoft-lib\libarcsoft_face_engine_jni.dll
0x00007ffc58440000 - 0x00007ffc58449000 	C:\WINDOWS\System32\NSI.dll
0x00007ffc4ed10000 - 0x00007ffc4ed2d000 	C:\WINDOWS\SYSTEM32\dhcpcsvc.DLL
0x00007ffc1c0d0000 - 0x00007ffc1c227000 	C:\Users\LiZhanqi\.javacpp\cache\ffmpeg-4.2.1-1.5.2-windows-x86_64.jar\org\bytedeco\ffmpeg\windows-x86_64\avutil-56.dll
0x00007ffc56510000 - 0x00007ffc56537000 	C:\WINDOWS\System32\bcrypt.dll
0x000000006fe00000 - 0x000000006feaa000 	C:\Users\LiZhanqi\.javacpp\cache\ffmpeg-4.2.1-1.5.2-windows-x86_64.jar\org\bytedeco\ffmpeg\windows-x86_64\jniavutil.dll
0x00007ffc45af0000 - 0x00007ffc45b17000 	C:\Users\LiZhanqi\.javacpp\cache\ffmpeg-4.2.1-1.5.2-windows-x86_64.jar\org\bytedeco\ffmpeg\windows-x86_64\swresample-3.dll
0x0000000070080000 - 0x00000000700ae000 	C:\Users\LiZhanqi\.javacpp\cache\ffmpeg-4.2.1-1.5.2-windows-x86_64.jar\org\bytedeco\ffmpeg\windows-x86_64\jniswresample.dll
0x00007ffc10e10000 - 0x00007ffc13fee000 	C:\Users\LiZhanqi\.javacpp\cache\ffmpeg-4.2.1-1.5.2-windows-x86_64.jar\org\bytedeco\ffmpeg\windows-x86_64\avcodec-58.dll
0x00007ffc58310000 - 0x00007ffc58439000 	C:\WINDOWS\System32\ole32.dll
0x000000006a1c0000 - 0x000000006a2a7000 	C:\Users\LiZhanqi\.javacpp\cache\ffmpeg-4.2.1-1.5.2-windows-x86_64.jar\org\bytedeco\ffmpeg\windows-x86_64\jniavcodec.dll
0x00007ffc1bb80000 - 0x00007ffc1c0c3000 	C:\Users\LiZhanqi\.javacpp\cache\ffmpeg-4.2.1-1.5.2-windows-x86_64.jar\org\bytedeco\ffmpeg\windows-x86_64\avformat-58.dll
0x00007ffc55f90000 - 0x00007ffc560ed000 	C:\WINDOWS\System32\CRYPT32.dll
0x000000006abc0000 - 0x000000006ac83000 	C:\Users\LiZhanqi\.javacpp\cache\ffmpeg-4.2.1-1.5.2-windows-x86_64.jar\org\bytedeco\ffmpeg\windows-x86_64\jniavformat.dll
0x00007ffc29a00000 - 0x00007ffc29a97000 	C:\Users\LiZhanqi\.javacpp\cache\ffmpeg-4.2.1-1.5.2-windows-x86_64.jar\org\bytedeco\ffmpeg\windows-x86_64\swscale-5.dll
0x0000000055270000 - 0x00000000552a3000 	C:\Users\LiZhanqi\.javacpp\cache\ffmpeg-4.2.1-1.5.2-windows-x86_64.jar\org\bytedeco\ffmpeg\windows-x86_64\jniswscale.dll
0x00007ffc45ac0000 - 0x00007ffc45aea000 	C:\Users\LiZhanqi\.javacpp\cache\ffmpeg-4.2.1-1.5.2-windows-x86_64.jar\org\bytedeco\ffmpeg\windows-x86_64\postproc-55.dll
0x000000006a0c0000 - 0x000000006a0ed000 	C:\Users\LiZhanqi\.javacpp\cache\ffmpeg-4.2.1-1.5.2-windows-x86_64.jar\org\bytedeco\ffmpeg\windows-x86_64\jnipostproc.dll
0x00007ffc1b790000 - 0x00007ffc1bb7f000 	C:\Users\LiZhanqi\.javacpp\cache\ffmpeg-4.2.1-1.5.2-windows-x86_64.jar\org\bytedeco\ffmpeg\windows-x86_64\avfilter-7.dll
0x0000000064400000 - 0x0000000064459000 	C:\Users\LiZhanqi\.javacpp\cache\ffmpeg-4.2.1-1.5.2-windows-x86_64.jar\org\bytedeco\ffmpeg\windows-x86_64\jniavfilter.dll
0x00007ffc44cb0000 - 0x00007ffc44cdc000 	C:\Users\LiZhanqi\.javacpp\cache\ffmpeg-4.2.1-1.5.2-windows-x86_64.jar\org\bytedeco\ffmpeg\windows-x86_64\avdevice-58.dll
0x00007ffc57db0000 - 0x00007ffc57e7d000 	C:\WINDOWS\System32\OLEAUT32.dll
0x00007ffc4e150000 - 0x00007ffc4e169000 	C:\WINDOWS\SYSTEM32\AVICAP32.dll
0x00007ffc441a0000 - 0x00007ffc441cb000 	C:\WINDOWS\SYSTEM32\MSVFW32.dll
0x00000000552d0000 - 0x0000000055303000 	C:\Users\LiZhanqi\.javacpp\cache\ffmpeg-4.2.1-1.5.2-windows-x86_64.jar\org\bytedeco\ffmpeg\windows-x86_64\jniavdevice.dll
0x00007ffc55230000 - 0x00007ffc552fa000 	C:\WINDOWS\SYSTEM32\DNSAPI.dll
0x00007ffc43ff0000 - 0x00007ffc43ffa000 	C:\Windows\System32\rasadhlp.dll
0x00007ffc46cb0000 - 0x00007ffc46d2f000 	C:\WINDOWS\System32\fwpuclnt.dll
0x0000000055ef0000 - 0x0000000055efc000 	D:\Program Files\Java\jdk1.8.0_171\jre\bin\jsound.dll
0x0000000055320000 - 0x000000005532b000 	D:\Program Files\Java\jdk1.8.0_171\jre\bin\jsoundds.dll
0x00007ffc29510000 - 0x00007ffc295ac000 	C:\WINDOWS\SYSTEM32\DSOUND.dll
0x00007ffc3e5a0000 - 0x00007ffc3e5c6000 	C:\WINDOWS\SYSTEM32\winmmbase.dll
0x00007ffc55350000 - 0x00007ffc5539b000 	C:\WINDOWS\SYSTEM32\powrprof.dll
0x00007ffc551c0000 - 0x00007ffc551d2000 	C:\WINDOWS\SYSTEM32\UMPDC.dll
0x00007ffc53cb0000 - 0x00007ffc53cc3000 	C:\WINDOWS\SYSTEM32\kernel.appcore.dll

VM Arguments:
jvm_args: -javaagent:E:\Program Files\JetBrains\IntelliJ IDEA Community Edition 2019.3.1\lib\idea_rt.jar=4053:E:\Program Files\JetBrains\IntelliJ IDEA Community Edition 2019.3.1\bin -Dfile.encoding=UTF-8 
java_command: com.lzq.faceserver.App
java_class_path (initial): D:\Program Files\Java\jdk1.8.0_171\jre\lib\charsets.jar;D:\Program Files\Java\jdk1.8.0_171\jre\lib\deploy.jar;D:\Program Files\Java\jdk1.8.0_171\jre\lib\ext\access-bridge-64.jar;D:\Program Files\Java\jdk1.8.0_171\jre\lib\ext\cldrdata.jar;D:\Program Files\Java\jdk1.8.0_171\jre\lib\ext\dnsns.jar;D:\Program Files\Java\jdk1.8.0_171\jre\lib\ext\jaccess.jar;D:\Program Files\Java\jdk1.8.0_171\jre\lib\ext\jfxrt.jar;D:\Program Files\Java\jdk1.8.0_171\jre\lib\ext\localedata.jar;D:\Program Files\Java\jdk1.8.0_171\jre\lib\ext\nashorn.jar;D:\Program Files\Java\jdk1.8.0_171\jre\lib\ext\sunec.jar;D:\Program Files\Java\jdk1.8.0_171\jre\lib\ext\sunjce_provider.jar;D:\Program Files\Java\jdk1.8.0_171\jre\lib\ext\sunmscapi.jar;D:\Program Files\Java\jdk1.8.0_171\jre\lib\ext\sunpkcs11.jar;D:\Program Files\Java\jdk1.8.0_171\jre\lib\ext\zipfs.jar;D:\Program Files\Java\jdk1.8.0_171\jre\lib\javaws.jar;D:\Program Files\Java\jdk1.8.0_171\jre\lib\jce.jar;D:\Program Files\Java\jdk1.8.0_171\jre\lib\jfr.jar;D:\Program Files\Java\jdk1.8.0_171\jre\lib\jfxswt.jar;D:\Program Files\Java\jdk1.8.0_171\jre\lib\jsse.jar;D:\Program Files\Java\jdk1.8.0_171\jre\lib\management-agent.jar;D:\Program Files\Java\jdk1.8.0_171\jre\lib\plugin.jar;D:\Program Files\Java\jdk1.8.0_171\jre\lib\resources.jar;D:\Program Files\Java\jdk1.8.0_171\jre\lib\rt.jar;E:\IdeaProjects\ArcSoftFace\target\classes;E:\IdeaProjects\ArcSoftFace\src\main\lib\jmf.jar;E:\IdeaProjects\ArcSoftFace\src\main\lib\arcsoft-sdk-face-3.0.0.0.jar;C:\Users\LiZhanqi\.m2\repository\org\bytedeco\javacv-platform\1.5.2\javacv-platform-1.5.2.jar;C:\Users\LiZhanqi\.m2\repository\org\bytedeco\javacv\1.5.2\javacv-1.5.2.jar;C:\Users\LiZhanqi\.m2\repository\org\bytedeco\javacpp\1.5.2\javacpp-1.5.2.jar;C:\Users\LiZhanqi\.m2\repository\org\bytedeco\openblas\0.3.7-1.5.2\openblas-0.3.7-1.5.2.jar;C:\Users\LiZhanqi\.m2\repository\org\bytedeco\opencv\4.1.2-1.5.2\opencv-4.1.2-1.5.2.jar;C:\Users\LiZhanqi\.m2\repository\org\bytedeco\ffmpeg\4.2.1-
Launcher Type: SUN_STANDARD

Environment Variables:
PATH=C:\ProgramData\Oracle\Java\javapath;C:\WINDOWS\system32;C:\WINDOWS;C:\WINDOWS\System32\Wbem;C:\WINDOWS\System32\WindowsPowerShell\v1.0\;C:\WINDOWS\System32\OpenSSH\;C:\Program Files\Git\cmd;C:\Android\android-studio\jre\bin;C:\Android\Sdk\platform-tools;%EXE4J_JAVA_HOME%;C:\Program Files\dotnet\;C:\Program Files\apache-maven-3.6.1;C:\Windows\System32;C:\Program Files\Microsoft SQL Server\130\Tools\Binn\;E:\software\android\Sdk;E:\software\android\Sdk;E:\software\android\flutter\bin;E:\software\android\Sdk\platform-tools;C:\Users\LiZhanqi\AppData\Local\Microsoft\WindowsApps;
USERNAME=LiZhanqi
OS=Windows_NT
PROCESSOR_IDENTIFIER=Intel64 Family 6 Model 60 Stepping 3, GenuineIntel



---------------  S Y S T E M  ---------------

OS: Windows 10.0 , 64 bit Build 19041 (10.0.19041.207)

CPU:total 8 (initial active 8) (4 cores per cpu, 2 threads per core) family 6 model 60 stepping 3, cmov, cx8, fxsr, mmx, sse, sse2, sse3, ssse3, sse4.1, sse4.2, popcnt, avx, avx2, aes, clmul, erms, lzcnt, ht, tsc, tscinvbit, bmi1, bmi2

Memory: 4k page, physical 12463116k(6515056k free), swap 14405932k(6253440k free)

vm_info: Java HotSpot(TM) 64-Bit Server VM (25.171-b11) for windows-amd64 JRE (1.8.0_171-b11), built on Mar 28 2018 16:06:12 by "java_re" with MS VC++ 10.0 (VS2010)

time: Sun May 31 12:40:39 2020
elapsed time: 11 seconds (0d 0h 0m 11s)

